[2026-01-28 14:19:50] [INFO] ┘ЂпД█ї┘ё ┌ЕпД┘є┘Ђ█ї┌» █їпД┘Ђпф ┘єп┤п». пД█їпгпДп» ┘ЂпД█ї┘ё пгп»█їп»...
[2026-01-28 14:19:50] [INFO] ================================================================================
[2026-01-28 14:19:50] [INFO] ­Ъџђ п┤п▒┘ѕп╣ ┘Ђп▒пб█ї┘єп» пе┘ЄРђїп▒┘ѕп▓п▒п│пД┘є█ї ┘Йп▒┘ѕ┌Еп│█їРђї┘ЄпД█ї пД█їп▒пД┘є█ї
[2026-01-28 14:19:50] [INFO] ­Ъїљ пфп╣п»пДп» ┘Ё┘єпДпеп╣: 23 ┘Ё┘єпеп╣
[2026-01-28 14:19:50] [INFO] ­ЪћЇ п│█їп│пф┘Ё: пеп▒п▒п│█ї ┘Ёп│пф┘ѓ█ї┘Ё IP пДп▓ п│п▒┘ѕ█їп│Рђї┘ЄпД█ї пб┘є┘ёпД█ї┘є пепД fallback
[2026-01-28 14:19:50] [INFO] ================================================================================
[2026-01-28 14:19:50] [INFO] ­ЪЊі ┘ѕпХп╣█їпф пД┘ѕ┘ё█ї┘Є:
[2026-01-28 14:19:50] [INFO]    Рђб пфп╣п»пДп» ┌Е┘ё ┘Йп▒┘ѕ┌Еп│█їРђї┘ЄпД: 0
[2026-01-28 14:19:50] [INFO]    Рђб ┘Йп▒┘ѕ┌Еп│█їРђї┘ЄпД█ї ┘Ђп╣пД┘ё: 0
[2026-01-28 14:19:50] [INFO]    Рђб пГп»пД┘ѓ┘ё ┘Ё┘ѕп▒п» ┘є█їпДп▓: 50
[2026-01-28 14:19:50] [INFO] 
­ЪЊЦ п┤п▒┘ѕп╣ п»п▒█їпД┘Ђпф ┘Йп▒┘ѕ┌Еп│█їРђї┘ЄпД пДп▓ 23 ┘Ё┘єпеп╣:
[2026-01-28 14:19:50] [INFO] ======================================================================
[2026-01-28 14:19:50] [INFO] [1/23] ­ЪћЇ п»п▒█їпД┘Ђпф пДп▓ github-vmess
[2026-01-28 14:19:50] [DEBUG]    ­ЪЊі ┘ѕпХп╣█їпф ┘Ђп╣┘ё█ї: [0/0]
[2026-01-28 14:19:52] [DEBUG]    ­ЪЊё 2192 п«пи п»п▒█їпД┘Ђпф п┤п»
[2026-01-28 14:19:52] [DEBUG]    ­Ъћё [1/23] | [0/2192] - п«пи 10/2192
[2026-01-28 14:19:52] [DEBUG]    ­Ъћё [1/23] | [0/2192] - п«пи 20/2192
[2026-01-28 14:19:53] [DEBUG]    ­Ъћё [1/23] | [0/2192] - п«пи 30/2192
[2026-01-28 14:19:53] [DEBUG]    ­Ъћё [1/23] | [0/2192] - п«пи 40/2192
[2026-01-28 14:19:53] [DEBUG]    ­Ъћё [1/23] | [0/2192] - п«пи 50/2192
[2026-01-28 14:19:53] [DEBUG]    ­Ъћё [1/23] | [0/2192] - п«пи 60/2192
[2026-01-28 14:19:54] [DEBUG]    ­Ъћё [1/23] | [0/2192] - п«пи 70/2192
[2026-01-28 14:20:58] [DEBUG]    ­Ъћё [1/23] | [0/2192] - п«пи 80/2192
[2026-01-28 14:20:59] [DEBUG]    ­Ъћё [1/23] | [0/2192] - п«пи 90/2192
[2026-01-28 14:20:59] [DEBUG]    ­Ъћё [1/23] | [0/2192] - п«пи 100/2192
[2026-01-28 14:20:59] [DEBUG]    ­Ъћё [1/23] | [0/2192] - п«пи 110/2192
[2026-01-28 14:20:59] [DEBUG]    ­Ъћё [1/23] | [0/2192] - п«пи 120/2192
[2026-01-28 14:21:04] [DEBUG]    ­Ъћё [1/23] | [1/2192] - п«пи 130/2192
[2026-01-28 14:21:05] [DEBUG]    ­Ъћё [1/23] | [1/2192] - п«пи 140/2192
[2026-01-28 14:21:05] [DEBUG]    ­Ъћё [1/23] | [1/2192] - п«пи 150/2192
[2026-01-28 14:21:54] [DEBUG]    ­Ъћё [1/23] | [1/2192] - п«пи 160/2192
[2026-01-28 14:22:06] [DEBUG]    ­Ъћё [1/23] | [1/2192] - п«пи 170/2192
[2026-01-28 14:22:07] [DEBUG]    ­Ъћё [1/23] | [1/2192] - п«пи 180/2192
[2026-01-28 14:22:07] [DEBUG]    ­Ъћё [1/23] | [1/2192] - п«пи 190/2192
[2026-01-28 14:22:07] [DEBUG]    ­Ъћё [1/23] | [1/2192] - п«пи 200/2192
[2026-01-28 14:22:08] [DEBUG]    ­Ъћё [1/23] | [1/2192] - п«пи 210/2192
[2026-01-28 14:22:08] [DEBUG]    ­Ъћё [1/23] | [1/2192] - п«пи 220/2192
[2026-01-28 14:22:45] [DEBUG]    ­Ъћё [1/23] | [1/2192] - п«пи 230/2192
[2026-01-28 14:23:09] [DEBUG]    ­Ъћё [1/23] | [1/2192] - п«пи 240/2192
[2026-01-28 14:23:10] [DEBUG]    ­Ъћё [1/23] | [1/2192] - п«пи 250/2192
[2026-01-28 14:23:10] [DEBUG]    ­Ъћё [1/23] | [1/2192] - п«пи 260/2192
[2026-01-28 14:23:10] [DEBUG]    ­Ъћё [1/23] | [1/2192] - п«пи 270/2192
[2026-01-28 14:23:10] [DEBUG]    ­Ъћё [1/23] | [1/2192] - п«пи 280/2192
[2026-01-28 14:23:11] [DEBUG]    ­Ъћё [1/23] | [1/2192] - п«пи 290/2192
[2026-01-28 14:24:12] [DEBUG]    ­Ъћё [1/23] | [1/2192] - п«пи 300/2192
[2026-01-28 14:24:12] [DEBUG]    ­Ъћё [1/23] | [1/2192] - п«пи 310/2192
[2026-01-28 14:24:12] [DEBUG]    ­Ъћё [1/23] | [1/2192] - п«пи 320/2192
[2026-01-28 14:24:12] [DEBUG]    ­Ъћё [1/23] | [1/2192] - п«пи 330/2192
[2026-01-28 14:24:13] [DEBUG]    ­Ъћё [1/23] | [1/2192] - п«пи 340/2192
[2026-01-28 14:24:13] [DEBUG]    ­Ъћё [1/23] | [1/2192] - п«пи 350/2192
[2026-01-28 14:24:13] [DEBUG]    ­Ъћё [1/23] | [1/2192] - п«пи 360/2192
[2026-01-28 14:24:13] [DEBUG]    ­Ъћё [1/23] | [2/2192] - п«пи 370/2192
[2026-01-28 14:24:13] [DEBUG]    ­Ъћё [1/23] | [2/2192] - п«пи 380/2192
[2026-01-28 14:24:13] [DEBUG]    ­Ъћё [1/23] | [2/2192] - п«пи 390/2192
[2026-01-28 14:25:15] [DEBUG]    ­Ъћё [1/23] | [2/2192] - п«пи 400/2192
[2026-01-28 14:25:15] [DEBUG]    ­Ъћё [1/23] | [2/2192] - п«пи 410/2192
[2026-01-28 14:25:15] [DEBUG]    ­Ъћё [1/23] | [2/2192] - п«пи 420/2192
[2026-01-28 14:25:15] [DEBUG]    ­Ъћё [1/23] | [2/2192] - п«пи 430/2192
[2026-01-28 14:25:15] [DEBUG]    ­Ъћё [1/23] | [2/2192] - п«пи 440/2192
[2026-01-28 14:25:16] [DEBUG]    ­Ъћё [1/23] | [2/2192] - п«пи 450/2192
[2026-01-28 14:25:16] [DEBUG]    ­Ъћё [1/23] | [2/2192] - п«пи 460/2192
[2026-01-28 14:25:16] [DEBUG]    ­Ъћё [1/23] | [2/2192] - п«пи 470/2192
[2026-01-28 14:25:16] [DEBUG]    ­Ъћё [1/23] | [2/2192] - п«пи 480/2192
[2026-01-28 14:26:17] [DEBUG]    ­Ъћё [1/23] | [2/2192] - п«пи 490/2192
[2026-01-28 14:26:18] [DEBUG]    ­Ъћё [1/23] | [2/2192] - п«пи 500/2192
[2026-01-28 14:26:18] [DEBUG]    ­Ъћё [1/23] | [2/2192] - п«пи 510/2192
[2026-01-28 14:26:18] [DEBUG]    ­Ъћё [1/23] | [2/2192] - п«пи 520/2192
[2026-01-28 14:26:18] [DEBUG]    ­Ъћё [1/23] | [2/2192] - п«пи 530/2192
[2026-01-28 14:26:19] [DEBUG]    ­Ъћё [1/23] | [2/2192] - п«пи 540/2192
[2026-01-28 14:26:19] [DEBUG]    ­Ъћё [1/23] | [2/2192] - п«пи 550/2192
[2026-01-28 14:26:19] [DEBUG]    ­Ъћё [1/23] | [2/2192] - п«пи 560/2192
[2026-01-28 14:27:20] [DEBUG]    ­Ъћё [1/23] | [2/2192] - п«пи 570/2192
[2026-01-28 14:27:21] [DEBUG]    ­Ъћё [1/23] | [2/2192] - п«пи 580/2192
[2026-01-28 14:27:21] [DEBUG]    ­Ъћё [1/23] | [2/2192] - п«пи 590/2192
[2026-01-28 14:27:21] [DEBUG]    ­Ъћё [1/23] | [2/2192] - п«пи 600/2192
[2026-01-28 14:27:21] [DEBUG]    ­Ъћё [1/23] | [2/2192] - п«пи 610/2192
[2026-01-28 14:27:21] [DEBUG]    ­Ъћё [1/23] | [2/2192] - п«пи 620/2192
[2026-01-28 14:27:21] [DEBUG]    ­Ъћё [1/23] | [2/2192] - п«пи 630/2192
[2026-01-28 14:27:21] [DEBUG]    ­Ъћё [1/23] | [2/2192] - п«пи 640/2192
[2026-01-28 14:27:22] [DEBUG]    ­Ъћё [1/23] | [2/2192] - п«пи 650/2192
[2026-01-28 14:28:04] [DEBUG]    ­Ъћё [1/23] | [3/2192] - п«пи 660/2192
[2026-01-28 14:28:28] [DEBUG]    ­Ъћё [1/23] | [3/2192] - п«пи 670/2192
[2026-01-28 14:28:28] [DEBUG]    ­Ъћё [1/23] | [3/2192] - п«пи 680/2192
[2026-01-28 14:28:29] [DEBUG]    ­Ъћё [1/23] | [3/2192] - п«пи 690/2192
[2026-01-28 14:28:29] [DEBUG]    ­Ъћё [1/23] | [3/2192] - п«пи 700/2192
[2026-01-28 14:28:29] [DEBUG]    ­Ъћё [1/23] | [3/2192] - п«пи 710/2192
[2026-01-28 14:28:29] [DEBUG]    ­Ъћё [1/23] | [3/2192] - п«пи 720/2192
[2026-01-28 14:28:30] [DEBUG]    ­Ъћё [1/23] | [3/2192] - п«пи 730/2192
[2026-01-28 14:29:34] [DEBUG]    ­Ъћё [1/23] | [3/2192] - п«пи 740/2192
[2026-01-28 14:29:34] [DEBUG]    ­Ъћё [1/23] | [3/2192] - п«пи 750/2192
[2026-01-28 14:29:34] [DEBUG]    ­Ъћё [1/23] | [3/2192] - п«пи 760/2192
[2026-01-28 14:29:34] [DEBUG]    ­Ъћё [1/23] | [3/2192] - п«пи 770/2192
[2026-01-28 14:29:35] [DEBUG]    ­Ъћё [1/23] | [3/2192] - п«пи 780/2192
[2026-01-28 14:29:35] [DEBUG]    ­Ъћё [1/23] | [3/2192] - п«пи 790/2192
[2026-01-28 14:29:35] [DEBUG]    ­Ъћё [1/23] | [3/2192] - п«пи 800/2192
[2026-01-28 14:29:35] [DEBUG]    ­Ъћё [1/23] | [3/2192] - п«пи 810/2192
[2026-01-28 14:29:35] [DEBUG]    ­Ъћё [1/23] | [4/2192] - п«пи 820/2192
[2026-01-28 14:29:35] [DEBUG]    ­Ъћё [1/23] | [4/2192] - п«пи 830/2192
[2026-01-28 14:30:37] [DEBUG]    ­Ъћё [1/23] | [4/2192] - п«пи 840/2192
[2026-01-28 14:30:37] [DEBUG]    ­Ъћё [1/23] | [4/2192] - п«пи 850/2192
[2026-01-28 14:30:37] [DEBUG]    ­Ъћё [1/23] | [4/2192] - п«пи 860/2192
[2026-01-28 14:30:37] [DEBUG]    ­Ъћё [1/23] | [4/2192] - п«пи 870/2192
[2026-01-28 14:30:38] [DEBUG]    ­Ъћё [1/23] | [4/2192] - п«пи 880/2192
[2026-01-28 14:30:38] [DEBUG]    ­Ъћё [1/23] | [4/2192] - п«пи 890/2192
[2026-01-28 14:30:38] [DEBUG]    ­Ъћё [1/23] | [4/2192] - п«пи 900/2192
[2026-01-28 14:30:38] [DEBUG]    ­Ъћё [1/23] | [4/2192] - п«пи 910/2192
[2026-01-28 14:30:38] [DEBUG]    ­Ъћё [1/23] | [4/2192] - п«пи 920/2192
[2026-01-28 14:30:38] [DEBUG]    ­Ъћё [1/23] | [4/2192] - п«пи 930/2192
[2026-01-28 14:30:38] [DEBUG]    ­Ъћё [1/23] | [4/2192] - п«пи 940/2192
[2026-01-28 14:30:38] [DEBUG]    ­Ъћё [1/23] | [4/2192] - п«пи 950/2192
[2026-01-28 14:30:38] [DEBUG]    ­Ъћё [1/23] | [4/2192] - п«пи 960/2192
[2026-01-28 14:30:38] [DEBUG]    ­Ъћё [1/23] | [4/2192] - п«пи 970/2192
[2026-01-28 14:31:40] [DEBUG]    ­Ъћё [1/23] | [4/2192] - п«пи 980/2192
[2026-01-28 14:31:40] [DEBUG]    ­Ъћё [1/23] | [4/2192] - п«пи 990/2192
[2026-01-28 14:31:40] [DEBUG]    ­Ъћё [1/23] | [4/2192] - п«пи 1000/2192
[2026-01-28 14:31:41] [DEBUG]    ­Ъћё [1/23] | [4/2192] - п«пи 1010/2192
[2026-01-28 14:31:41] [DEBUG]    ­Ъћё [1/23] | [4/2192] - п«пи 1020/2192
[2026-01-28 14:31:41] [DEBUG]    ­Ъћё [1/23] | [4/2192] - п«пи 1030/2192
[2026-01-28 14:31:41] [DEBUG]    ­Ъћё [1/23] | [4/2192] - п«пи 1040/2192
[2026-01-28 14:31:54] [DEBUG]    ­Ъћё [1/23] | [4/2192] - п«пи 1050/2192
[2026-01-28 14:32:43] [DEBUG]    ­Ъћё [1/23] | [4/2192] - п«пи 1060/2192
[2026-01-28 14:32:43] [DEBUG]    ­Ъћё [1/23] | [4/2192] - п«пи 1070/2192
[2026-01-28 14:32:43] [DEBUG]    ­Ъћё [1/23] | [4/2192] - п«пи 1080/2192
[2026-01-28 14:32:44] [DEBUG]    ­Ъћё [1/23] | [4/2192] - п«пи 1090/2192
[2026-01-28 14:32:44] [DEBUG]    ­Ъћё [1/23] | [4/2192] - п«пи 1100/2192
[2026-01-28 14:32:44] [DEBUG]    ­Ъћё [1/23] | [4/2192] - п«пи 1110/2192
[2026-01-28 14:32:44] [DEBUG]    ­Ъћё [1/23] | [4/2192] - п«пи 1120/2192
[2026-01-28 14:33:46] [DEBUG]    ­Ъћё [1/23] | [4/2192] - п«пи 1130/2192
[2026-01-28 14:33:46] [DEBUG]    ­Ъћё [1/23] | [4/2192] - п«пи 1140/2192
[2026-01-28 14:33:46] [DEBUG]    ­Ъћё [1/23] | [4/2192] - п«пи 1150/2192
[2026-01-28 14:33:47] [DEBUG]    ­Ъћё [1/23] | [4/2192] - п«пи 1160/2192
[2026-01-28 14:33:47] [DEBUG]    ­Ъћё [1/23] | [4/2192] - п«пи 1170/2192
[2026-01-28 14:34:11] [DEBUG]    ­Ъћё [1/23] | [4/2192] - п«пи 1180/2192
[2026-01-28 14:34:49] [DEBUG]    ­Ъћё [1/23] | [4/2192] - п«пи 1190/2192
[2026-01-28 14:34:49] [DEBUG]    ­Ъћё [1/23] | [4/2192] - п«пи 1200/2192
[2026-01-28 14:34:49] [DEBUG]    ­Ъћё [1/23] | [4/2192] - п«пи 1210/2192
[2026-01-28 14:34:50] [DEBUG]    ­Ъћё [1/23] | [4/2192] - п«пи 1220/2192
[2026-01-28 14:34:50] [DEBUG]    ­Ъћё [1/23] | [4/2192] - п«пи 1230/2192
[2026-01-28 14:35:52] [DEBUG]    ­Ъћё [1/23] | [4/2192] - п«пи 1240/2192
[2026-01-28 14:35:53] [DEBUG]    ­Ъћё [1/23] | [4/2192] - п«пи 1250/2192
[2026-01-28 14:35:53] [DEBUG]    ­Ъћё [1/23] | [4/2192] - п«пи 1260/2192
[2026-01-28 14:35:53] [DEBUG]    ­Ъћё [1/23] | [4/2192] - п«пи 1270/2192
[2026-01-28 14:35:59] [DEBUG]    ­Ъћё [1/23] | [5/2192] - п«пи 1280/2192
[2026-01-28 14:35:59] [DEBUG]    ­Ъћё [1/23] | [5/2192] - п«пи 1290/2192
[2026-01-28 14:37:01] [DEBUG]    ­Ъћё [1/23] | [5/2192] - п«пи 1300/2192
[2026-01-28 14:37:06] [DEBUG]    ­Ъћё [1/23] | [6/2192] - п«пи 1310/2192
[2026-01-28 14:37:12] [DEBUG]    ­Ъћё [1/23] | [7/2192] - п«пи 1320/2192
[2026-01-28 14:37:12] [DEBUG]    ­Ъћё [1/23] | [7/2192] - п«пи 1330/2192
[2026-01-28 14:37:12] [DEBUG]    ­Ъћё [1/23] | [7/2192] - п«пи 1340/2192
[2026-01-28 14:38:02] [DEBUG]    ­Ъћё [1/23] | [9/2192] - п«пи 1350/2192
[2026-01-28 14:38:08] [DEBUG]    ­Ъћё [1/23] | [10/2192] - п«пи 1360/2192
[2026-01-28 14:38:08] [DEBUG]    ­Ъћё [1/23] | [10/2192] - п«пи 1370/2192
[2026-01-28 14:38:08] [DEBUG]    ­Ъћё [1/23] | [10/2192] - п«пи 1380/2192
[2026-01-28 14:38:09] [DEBUG]    ­Ъћё [1/23] | [10/2192] - п«пи 1390/2192
[2026-01-28 14:39:10] [DEBUG]    ­Ъћё [1/23] | [10/2192] - п«пи 1400/2192
[2026-01-28 14:39:11] [DEBUG]    ­Ъћё [1/23] | [10/2192] - п«пи 1410/2192
[2026-01-28 14:39:11] [DEBUG]    ­Ъћё [1/23] | [10/2192] - п«пи 1420/2192
[2026-01-28 14:39:11] [DEBUG]    ­Ъћё [1/23] | [10/2192] - п«пи 1430/2192
[2026-01-28 14:39:12] [DEBUG]    ­Ъћё [1/23] | [10/2192] - п«пи 1440/2192
[2026-01-28 14:40:13] [DEBUG]    ­Ъћё [1/23] | [10/2192] - п«пи 1450/2192
[2026-01-28 14:40:13] [DEBUG]    ­Ъћё [1/23] | [10/2192] - п«пи 1460/2192
[2026-01-28 14:40:14] [DEBUG]    ­Ъћё [1/23] | [10/2192] - п«пи 1470/2192
[2026-01-28 14:40:14] [DEBUG]    ­Ъћё [1/23] | [10/2192] - п«пи 1480/2192
[2026-01-28 14:40:14] [DEBUG]    ­Ъћё [1/23] | [10/2192] - п«пи 1490/2192
[2026-01-28 14:41:16] [DEBUG]    ­Ъћё [1/23] | [10/2192] - п«пи 1500/2192
[2026-01-28 14:41:16] [DEBUG]    ­Ъћё [1/23] | [10/2192] - п«пи 1510/2192
[2026-01-28 14:41:17] [DEBUG]    ­Ъћё [1/23] | [10/2192] - п«пи 1520/2192
[2026-01-28 14:41:17] [DEBUG]    ­Ъћё [1/23] | [10/2192] - п«пи 1530/2192
[2026-01-28 14:41:17] [DEBUG]    ­Ъћё [1/23] | [10/2192] - п«пи 1540/2192
[2026-01-28 14:42:19] [DEBUG]    ­Ъћё [1/23] | [10/2192] - п«пи 1550/2192
[2026-01-28 14:42:19] [DEBUG]    ­Ъћё [1/23] | [10/2192] - п«пи 1560/2192
[2026-01-28 14:42:19] [DEBUG]    ­Ъћё [1/23] | [10/2192] - п«пи 1570/2192
[2026-01-28 14:42:20] [DEBUG]    ­Ъћё [1/23] | [10/2192] - п«пи 1580/2192
[2026-01-28 14:42:20] [DEBUG]    ­Ъћё [1/23] | [10/2192] - п«пи 1590/2192
[2026-01-28 14:42:20] [DEBUG]    ­Ъћё [1/23] | [10/2192] - п«пи 1600/2192
[2026-01-28 14:43:22] [DEBUG]    ­Ъћё [1/23] | [10/2192] - п«пи 1610/2192
[2026-01-28 14:43:22] [DEBUG]    ­Ъћё [1/23] | [10/2192] - п«пи 1620/2192
[2026-01-28 14:43:22] [DEBUG]    ­Ъћё [1/23] | [10/2192] - п«пи 1630/2192
[2026-01-28 14:43:23] [DEBUG]    ­Ъћё [1/23] | [10/2192] - п«пи 1640/2192
[2026-01-28 14:43:23] [DEBUG]    ­Ъћё [1/23] | [10/2192] - п«пи 1650/2192
[2026-01-28 14:43:35] [DEBUG]    ­Ъћё [1/23] | [10/2192] - п«пи 1660/2192
[2026-01-28 14:44:25] [DEBUG]    ­Ъћё [1/23] | [10/2192] - п«пи 1670/2192
[2026-01-28 14:44:25] [DEBUG]    ­Ъћё [1/23] | [10/2192] - п«пи 1680/2192
[2026-01-28 14:44:25] [DEBUG]    ­Ъћё [1/23] | [10/2192] - п«пи 1690/2192
[2026-01-28 14:44:25] [DEBUG]    ­Ъћё [1/23] | [10/2192] - п«пи 1700/2192
[2026-01-28 14:44:25] [DEBUG]    ­Ъћё [1/23] | [10/2192] - п«пи 1710/2192
[2026-01-28 14:44:25] [DEBUG]    ­Ъћё [1/23] | [10/2192] - п«пи 1720/2192
[2026-01-28 14:44:25] [DEBUG]    ­Ъћё [1/23] | [10/2192] - п«пи 1730/2192
[2026-01-28 14:44:25] [DEBUG]    ­Ъћё [1/23] | [10/2192] - п«пи 1740/2192
[2026-01-28 14:44:26] [DEBUG]    ­Ъћё [1/23] | [10/2192] - п«пи 1750/2192
[2026-01-28 14:44:26] [DEBUG]    ­Ъћё [1/23] | [10/2192] - п«пи 1760/2192
[2026-01-28 14:45:15] [DEBUG]    ­Ъћё [1/23] | [10/2192] - п«пи 1770/2192
[2026-01-28 14:45:27] [DEBUG]    ­Ъћё [1/23] | [10/2192] - п«пи 1780/2192
[2026-01-28 14:45:28] [DEBUG]    ­Ъћё [1/23] | [10/2192] - п«пи 1790/2192
[2026-01-28 14:45:28] [DEBUG]    ­Ъћё [1/23] | [10/2192] - п«пи 1800/2192
[2026-01-28 14:45:28] [DEBUG]    ­Ъћё [1/23] | [10/2192] - п«пи 1810/2192
[2026-01-28 14:45:29] [DEBUG]    ­Ъћё [1/23] | [10/2192] - п«пи 1820/2192
[2026-01-28 14:45:29] [DEBUG]    ­Ъћё [1/23] | [10/2192] - п«пи 1830/2192
[2026-01-28 14:46:30] [DEBUG]    ­Ъћё [1/23] | [10/2192] - п«пи 1840/2192
[2026-01-28 14:46:30] [DEBUG]    ­Ъћё [1/23] | [10/2192] - п«пи 1850/2192
[2026-01-28 14:46:31] [DEBUG]    ­Ъћё [1/23] | [10/2192] - п«пи 1860/2192
[2026-01-28 14:46:31] [DEBUG]    ­Ъћё [1/23] | [10/2192] - п«пи 1870/2192
[2026-01-28 14:46:31] [DEBUG]    ­Ъћё [1/23] | [10/2192] - п«пи 1880/2192
[2026-01-28 14:47:33] [DEBUG]    ­Ъћё [1/23] | [10/2192] - п«пи 1890/2192
[2026-01-28 14:47:33] [DEBUG]    ­Ъћё [1/23] | [10/2192] - п«пи 1900/2192
[2026-01-28 14:47:33] [DEBUG]    ­Ъћё [1/23] | [10/2192] - п«пи 1910/2192
[2026-01-28 14:47:34] [DEBUG]    ­Ъћё [1/23] | [10/2192] - п«пи 1920/2192
[2026-01-28 14:47:34] [DEBUG]    ­Ъћё [1/23] | [10/2192] - п«пи 1930/2192
[2026-01-28 14:47:59] [DEBUG]    ­Ъћё [1/23] | [10/2192] - п«пи 1940/2192
[2026-01-28 14:48:36] [DEBUG]    ­Ъћё [1/23] | [10/2192] - п«пи 1950/2192
[2026-01-28 14:48:36] [DEBUG]    ­Ъћё [1/23] | [10/2192] - п«пи 1960/2192
[2026-01-28 14:48:36] [DEBUG]    ­Ъћё [1/23] | [10/2192] - п«пи 1970/2192
[2026-01-28 14:48:37] [DEBUG]    ­Ъћё [1/23] | [10/2192] - п«пи 1980/2192
[2026-01-28 14:48:37] [DEBUG]    ­Ъћё [1/23] | [10/2192] - п«пи 1990/2192
[2026-01-28 14:49:38] [DEBUG]    ­Ъћё [1/23] | [10/2192] - п«пи 2000/2192
[2026-01-28 14:49:39] [DEBUG]    ­Ъћё [1/23] | [10/2192] - п«пи 2010/2192
[2026-01-28 14:49:39] [DEBUG]    ­Ъћё [1/23] | [10/2192] - п«пи 2020/2192
[2026-01-28 14:49:39] [DEBUG]    ­Ъћё [1/23] | [10/2192] - п«пи 2030/2192
[2026-01-28 14:49:40] [DEBUG]    ­Ъћё [1/23] | [10/2192] - п«пи 2040/2192
[2026-01-28 14:50:29] [DEBUG]    ­Ъћё [1/23] | [10/2192] - п«пи 2050/2192
[2026-01-28 14:50:42] [DEBUG]    ­Ъћё [1/23] | [10/2192] - п«пи 2060/2192
[2026-01-28 14:50:42] [DEBUG]    ­Ъћё [1/23] | [10/2192] - п«пи 2070/2192
[2026-01-28 14:50:42] [DEBUG]    ­Ъћё [1/23] | [10/2192] - п«пи 2080/2192
[2026-01-28 14:50:42] [DEBUG]    ­Ъћё [1/23] | [10/2192] - п«пи 2090/2192
[2026-01-28 14:50:42] [DEBUG]    ­Ъћё [1/23] | [10/2192] - п«пи 2100/2192
[2026-01-28 14:50:43] [DEBUG]    ­Ъћё [1/23] | [10/2192] - п«пи 2110/2192
[2026-01-28 14:50:43] [DEBUG]    ­Ъћё [1/23] | [10/2192] - п«пи 2120/2192
[2026-01-28 14:51:44] [DEBUG]    ­Ъћё [1/23] | [10/2192] - п«пи 2130/2192
[2026-01-28 14:51:44] [DEBUG]    ­Ъћё [1/23] | [10/2192] - п«пи 2140/2192
[2026-01-28 14:51:45] [DEBUG]    ­Ъћё [1/23] | [10/2192] - п«пи 2150/2192
[2026-01-28 14:51:45] [DEBUG]    ­Ъћё [1/23] | [10/2192] - п«пи 2160/2192
[2026-01-28 14:51:45] [DEBUG]    ­Ъћё [1/23] | [10/2192] - п«пи 2170/2192
[2026-01-28 14:51:46] [DEBUG]    ­Ъћё [1/23] | [10/2192] - п«пи 2180/2192
[2026-01-28 14:52:47] [DEBUG]    ­Ъћё [1/23] | [10/2192] - п«пи 2190/2192
[2026-01-28 14:52:47] [INFO] [1/23] РюЁ github-vmess: 10 ┘Йп▒┘ѕ┌Еп│█ї пД█їп▒пД┘є█ї
[2026-01-28 14:52:47] [DEBUG]    ­ЪЊі ┘ѕпХп╣█їпф ┘є┘ЄпД█ї█ї: [10/2192] | ┘єпД┘Ёп╣пфпеп▒: 257 | п║█їп▒пД█їп▒пД┘є█ї: 1925
[2026-01-28 14:52:48] [INFO] [2/23] ­ЪћЇ п»п▒█їпД┘Ђпф пДп▓ github-vless
[2026-01-28 14:52:48] [DEBUG]    ­ЪЊі ┘ѕпХп╣█їпф ┘Ђп╣┘ё█ї: [10/2192]
[2026-01-28 14:53:03] [INFO] [3/23] ­ЪћЇ п»п▒█їпД┘Ђпф пДп▓ github-ss
[2026-01-28 14:53:03] [DEBUG]    ­ЪЊі ┘ѕпХп╣█їпф ┘Ђп╣┘ё█ї: [10/2192]
[2026-01-28 14:53:05] [DEBUG]    ­ЪЊё 2374 п«пи п»п▒█їпД┘Ђпф п┤п»
[2026-01-28 14:53:05] [DEBUG]    ­Ъћё [3/23] | [10/4566] - п«пи 10/2374
[2026-01-28 14:53:06] [DEBUG]    ­Ъћё [3/23] | [10/4566] - п«пи 20/2374
[2026-01-28 14:53:06] [DEBUG]    ­Ъћё [3/23] | [10/4566] - п«пи 30/2374
[2026-01-28 14:53:07] [DEBUG]    ­Ъћё [3/23] | [10/4566] - п«пи 40/2374
[2026-01-28 14:53:56] [DEBUG]    ­Ъћё [3/23] | [10/4566] - п«пи 50/2374
[2026-01-28 14:53:56] [DEBUG]    ­Ъћё [3/23] | [10/4566] - п«пи 60/2374
[2026-01-28 14:53:56] [DEBUG]    ­Ъћё [3/23] | [10/4566] - п«пи 70/2374
[2026-01-28 14:53:57] [DEBUG]    ­Ъћё [3/23] | [10/4566] - п«пи 80/2374
[2026-01-28 14:53:57] [DEBUG]    ­Ъћё [3/23] | [10/4566] - п«пи 90/2374
[2026-01-28 14:54:58] [DEBUG]    ­Ъћё [3/23] | [10/4566] - п«пи 100/2374
[2026-01-28 14:54:59] [DEBUG]    ­Ъћё [3/23] | [10/4566] - п«пи 110/2374
[2026-01-28 14:54:59] [DEBUG]    ­Ъћё [3/23] | [10/4566] - п«пи 120/2374
[2026-01-28 14:54:59] [DEBUG]    ­Ъћё [3/23] | [10/4566] - п«пи 130/2374
[2026-01-28 14:55:00] [DEBUG]    ­Ъћё [3/23] | [10/4566] - п«пи 140/2374
[2026-01-28 14:55:24] [DEBUG]    ­Ъћё [3/23] | [10/4566] - п«пи 150/2374
[2026-01-28 14:56:01] [DEBUG]    ­Ъћё [3/23] | [10/4566] - п«пи 160/2374
[2026-01-28 14:56:02] [DEBUG]    ­Ъћё [3/23] | [10/4566] - п«пи 170/2374
[2026-01-28 14:56:02] [DEBUG]    ­Ъћё [3/23] | [10/4566] - п«пи 180/2374
[2026-01-28 14:56:02] [DEBUG]    ­Ъћё [3/23] | [10/4566] - п«пи 190/2374
[2026-01-28 14:56:02] [DEBUG]    ­Ъћё [3/23] | [10/4566] - п«пи 200/2374
[2026-01-28 14:56:03] [DEBUG]    ­Ъћё [3/23] | [10/4566] - п«пи 210/2374
[2026-01-28 14:57:04] [DEBUG]    ­Ъћё [3/23] | [10/4566] - п«пи 220/2374
[2026-01-28 14:57:04] [DEBUG]    ­Ъћё [3/23] | [10/4566] - п«пи 230/2374
[2026-01-28 14:57:04] [DEBUG]    ­Ъћё [3/23] | [10/4566] - п«пи 240/2374
[2026-01-28 14:57:04] [DEBUG]    ­Ъћё [3/23] | [10/4566] - п«пи 250/2374
[2026-01-28 14:57:05] [DEBUG]    ­Ъћё [3/23] | [10/4566] - п«пи 260/2374
[2026-01-28 14:57:05] [DEBUG]    ­Ъћё [3/23] | [10/4566] - п«пи 270/2374
[2026-01-28 14:57:05] [DEBUG]    ­Ъћё [3/23] | [10/4566] - п«пи 280/2374
[2026-01-28 14:57:05] [DEBUG]    ­Ъћё [3/23] | [10/4566] - п«пи 290/2374
[2026-01-28 14:57:05] [DEBUG]    ­Ъћё [3/23] | [10/4566] - п«пи 300/2374
[2026-01-28 14:57:05] [DEBUG]    ­Ъћё [3/23] | [10/4566] - п«пи 310/2374
[2026-01-28 14:57:05] [DEBUG]    ­Ъћё [3/23] | [10/4566] - п«пи 320/2374
[2026-01-28 14:57:05] [DEBUG]    ­Ъћё [3/23] | [10/4566] - п«пи 330/2374
[2026-01-28 14:57:05] [DEBUG]    ­Ъћё [3/23] | [10/4566] - п«пи 340/2374
[2026-01-28 14:57:06] [DEBUG]    ­Ъћё [3/23] | [10/4566] - п«пи 350/2374
[2026-01-28 14:57:42] [DEBUG]    ­Ъћё [3/23] | [10/4566] - п«пи 360/2374
[2026-01-28 14:58:07] [DEBUG]    ­Ъћё [3/23] | [10/4566] - п«пи 370/2374
[2026-01-28 14:58:07] [DEBUG]    ­Ъћё [3/23] | [10/4566] - п«пи 380/2374
[2026-01-28 14:58:07] [DEBUG]    ­Ъћё [3/23] | [10/4566] - п«пи 390/2374
[2026-01-28 14:58:07] [DEBUG]    ­Ъћё [3/23] | [10/4566] - п«пи 400/2374
[2026-01-28 14:58:07] [DEBUG]    ­Ъћё [3/23] | [10/4566] - п«пи 410/2374
[2026-01-28 14:58:07] [DEBUG]    ­Ъћё [3/23] | [10/4566] - п«пи 420/2374
[2026-01-28 14:58:07] [DEBUG]    ­Ъћё [3/23] | [10/4566] - п«пи 430/2374
[2026-01-28 14:58:07] [DEBUG]    ­Ъћё [3/23] | [10/4566] - п«пи 440/2374
[2026-01-28 14:58:07] [DEBUG]    ­Ъћё [3/23] | [10/4566] - п«пи 450/2374
[2026-01-28 14:58:07] [DEBUG]    ­Ъћё [3/23] | [10/4566] - п«пи 460/2374
[2026-01-28 14:58:08] [DEBUG]    ­Ъћё [3/23] | [10/4566] - п«пи 470/2374
[2026-01-28 14:58:08] [DEBUG]    ­Ъћё [3/23] | [10/4566] - п«пи 480/2374
[2026-01-28 14:58:08] [DEBUG]    ­Ъћё [3/23] | [10/4566] - п«пи 490/2374
[2026-01-28 14:58:08] [DEBUG]    ­Ъћё [3/23] | [10/4566] - п«пи 500/2374
[2026-01-28 14:58:08] [DEBUG]    ­Ъћё [3/23] | [10/4566] - п«пи 510/2374
[2026-01-28 14:58:08] [DEBUG]    ­Ъћё [3/23] | [10/4566] - п«пи 520/2374
[2026-01-28 14:59:10] [DEBUG]    ­Ъћё [3/23] | [10/4566] - п«пи 530/2374
[2026-01-28 14:59:10] [DEBUG]    ­Ъћё [3/23] | [10/4566] - п«пи 540/2374
[2026-01-28 14:59:10] [DEBUG]    ­Ъћё [3/23] | [10/4566] - п«пи 550/2374
[2026-01-28 14:59:10] [DEBUG]    ­Ъћё [3/23] | [10/4566] - п«пи 560/2374
[2026-01-28 14:59:10] [DEBUG]    ­Ъћё [3/23] | [10/4566] - п«пи 570/2374
[2026-01-28 14:59:10] [DEBUG]    ­Ъћё [3/23] | [10/4566] - п«пи 580/2374
[2026-01-28 14:59:10] [DEBUG]    ­Ъћё [3/23] | [10/4566] - п«пи 590/2374
[2026-01-28 14:59:11] [DEBUG]    ­Ъћё [3/23] | [10/4566] - п«пи 600/2374
[2026-01-28 14:59:11] [DEBUG]    ­Ъћё [3/23] | [10/4566] - п«пи 610/2374
[2026-01-28 14:59:11] [DEBUG]    ­Ъћё [3/23] | [10/4566] - п«пи 620/2374
[2026-01-28 14:59:11] [DEBUG]    ­Ъћё [3/23] | [10/4566] - п«пи 630/2374
[2026-01-28 14:59:11] [DEBUG]    ­Ъћё [3/23] | [10/4566] - п«пи 640/2374
[2026-01-28 14:59:11] [DEBUG]    ­Ъћё [3/23] | [10/4566] - п«пи 650/2374
[2026-01-28 14:59:11] [DEBUG]    ­Ъћё [3/23] | [10/4566] - п«пи 660/2374
[2026-01-28 14:59:11] [DEBUG]    ­Ъћё [3/23] | [10/4566] - п«пи 670/2374
[2026-01-28 14:59:11] [DEBUG]    ­Ъћё [3/23] | [10/4566] - п«пи 680/2374
[2026-01-28 14:59:11] [DEBUG]    ­Ъћё [3/23] | [10/4566] - п«пи 690/2374
[2026-01-28 14:59:11] [DEBUG]    ­Ъћё [3/23] | [10/4566] - п«пи 700/2374
[2026-01-28 14:59:11] [DEBUG]    ­Ъћё [3/23] | [10/4566] - п«пи 710/2374
[2026-01-28 14:59:11] [DEBUG]    ­Ъћё [3/23] | [10/4566] - п«пи 720/2374
[2026-01-28 14:59:11] [DEBUG]    ­Ъћё [3/23] | [10/4566] - п«пи 730/2374
[2026-01-28 14:59:23] [DEBUG]    ­Ъћё [3/23] | [10/4566] - п«пи 740/2374
[2026-01-28 14:59:36] [DEBUG]    ­Ъћё [3/23] | [10/4566] - п«пи 750/2374
[2026-01-28 15:00:12] [DEBUG]    ­Ъћё [3/23] | [10/4566] - п«пи 760/2374
[2026-01-28 15:00:12] [DEBUG]    ­Ъћё [3/23] | [10/4566] - п«пи 770/2374
[2026-01-28 15:00:13] [DEBUG]    ­Ъћё [3/23] | [10/4566] - п«пи 780/2374
[2026-01-28 15:00:13] [DEBUG]    ­Ъћё [3/23] | [10/4566] - п«пи 790/2374
[2026-01-28 15:00:13] [DEBUG]    ­Ъћё [3/23] | [10/4566] - п«пи 800/2374
[2026-01-28 15:00:13] [DEBUG]    ­Ъћё [3/23] | [10/4566] - п«пи 810/2374
[2026-01-28 15:00:14] [DEBUG]    ­Ъћё [3/23] | [10/4566] - п«пи 820/2374
[2026-01-28 15:00:14] [DEBUG]    ­Ъћё [3/23] | [10/4566] - п«пи 830/2374
[2026-01-28 15:01:15] [DEBUG]    ­Ъћё [3/23] | [10/4566] - п«пи 840/2374
[2026-01-28 15:01:15] [DEBUG]    ­Ъћё [3/23] | [10/4566] - п«пи 850/2374
[2026-01-28 15:01:16] [DEBUG]    ­Ъћё [3/23] | [10/4566] - п«пи 860/2374
[2026-01-28 15:01:16] [DEBUG]    ­Ъћё [3/23] | [10/4566] - п«пи 870/2374
[2026-01-28 15:01:16] [DEBUG]    ­Ъћё [3/23] | [10/4566] - п«пи 880/2374
[2026-01-28 15:01:17] [DEBUG]    ­Ъћё [3/23] | [10/4566] - п«пи 890/2374
[2026-01-28 15:02:23] [DEBUG]    ­Ъћё [3/23] | [10/4566] - п«пи 900/2374
[2026-01-28 15:02:23] [DEBUG]    ­Ъћё [3/23] | [10/4566] - п«пи 910/2374
[2026-01-28 15:02:24] [DEBUG]    ­Ъћё [3/23] | [10/4566] - п«пи 920/2374
[2026-01-28 15:02:24] [DEBUG]    ­Ъћё [3/23] | [10/4566] - п«пи 930/2374
[2026-01-28 15:02:25] [DEBUG]    ­Ъћё [3/23] | [10/4566] - п«пи 940/2374
[2026-01-28 15:03:26] [DEBUG]    ­Ъћё [3/23] | [10/4566] - п«пи 950/2374
[2026-01-28 15:03:26] [DEBUG]    ­Ъћё [3/23] | [10/4566] - п«пи 960/2374
[2026-01-28 15:03:27] [DEBUG]    ­Ъћё [3/23] | [10/4566] - п«пи 970/2374
[2026-01-28 15:03:27] [DEBUG]    ­Ъћё [3/23] | [10/4566] - п«пи 980/2374
[2026-01-28 15:03:28] [DEBUG]    ­Ъћё [3/23] | [10/4566] - п«пи 990/2374
[2026-01-28 15:04:29] [DEBUG]    ­Ъћё [3/23] | [10/4566] - п«пи 1000/2374
[2026-01-28 15:04:29] [DEBUG]    ­Ъћё [3/23] | [10/4566] - п«пи 1010/2374
[2026-01-28 15:04:30] [DEBUG]    ­Ъћё [3/23] | [10/4566] - п«пи 1020/2374
[2026-01-28 15:04:30] [DEBUG]    ­Ъћё [3/23] | [10/4566] - п«пи 1030/2374
[2026-01-28 15:04:30] [DEBUG]    ­Ъћё [3/23] | [10/4566] - п«пи 1040/2374
[2026-01-28 15:05:32] [DEBUG]    ­Ъћё [3/23] | [10/4566] - п«пи 1050/2374
[2026-01-28 15:05:32] [DEBUG]    ­Ъћё [3/23] | [10/4566] - п«пи 1060/2374
[2026-01-28 15:05:32] [DEBUG]    ­Ъћё [3/23] | [10/4566] - п«пи 1070/2374
[2026-01-28 15:05:33] [DEBUG]    ­Ъћё [3/23] | [10/4566] - п«пи 1080/2374
[2026-01-28 15:05:33] [DEBUG]    ­Ъћё [3/23] | [10/4566] - п«пи 1090/2374
[2026-01-28 15:06:35] [DEBUG]    ­Ъћё [3/23] | [10/4566] - п«пи 1100/2374
[2026-01-28 15:06:35] [DEBUG]    ­Ъћё [3/23] | [10/4566] - п«пи 1110/2374
[2026-01-28 15:06:36] [DEBUG]    ­Ъћё [3/23] | [10/4566] - п«пи 1120/2374
[2026-01-28 15:06:36] [DEBUG]    ­Ъћё [3/23] | [10/4566] - п«пи 1130/2374
[2026-01-28 15:06:36] [DEBUG]    ­Ъћё [3/23] | [10/4566] - п«пи 1140/2374
[2026-01-28 15:07:38] [DEBUG]    ­Ъћё [3/23] | [10/4566] - п«пи 1150/2374
[2026-01-28 15:07:38] [DEBUG]    ­Ъћё [3/23] | [10/4566] - п«пи 1160/2374
[2026-01-28 15:07:39] [DEBUG]    ­Ъћё [3/23] | [10/4566] - п«пи 1170/2374
[2026-01-28 15:07:39] [DEBUG]    ­Ъћё [3/23] | [10/4566] - п«пи 1180/2374
[2026-01-28 15:07:39] [DEBUG]    ­Ъћё [3/23] | [10/4566] - п«пи 1190/2374
[2026-01-28 15:07:39] [DEBUG]    ­Ъћё [3/23] | [10/4566] - п«пи 1200/2374
[2026-01-28 15:07:39] [DEBUG]    ­Ъћё [3/23] | [10/4566] - п«пи 1210/2374
[2026-01-28 15:07:39] [DEBUG]    ­Ъћё [3/23] | [10/4566] - п«пи 1220/2374
[2026-01-28 15:07:39] [DEBUG]    ­Ъћё [3/23] | [10/4566] - п«пи 1230/2374
[2026-01-28 15:07:39] [DEBUG]    ­Ъћё [3/23] | [10/4566] - п«пи 1240/2374
[2026-01-28 15:07:39] [DEBUG]    ­Ъћё [3/23] | [10/4566] - п«пи 1250/2374
[2026-01-28 15:07:39] [DEBUG]    ­Ъћё [3/23] | [10/4566] - п«пи 1260/2374
[2026-01-28 15:07:39] [DEBUG]    ­Ъћё [3/23] | [10/4566] - п«пи 1270/2374
[2026-01-28 15:07:39] [DEBUG]    ­Ъћё [3/23] | [10/4566] - п«пи 1280/2374
[2026-01-28 15:07:39] [DEBUG]    ­Ъћё [3/23] | [10/4566] - п«пи 1290/2374
[2026-01-28 15:07:39] [DEBUG]    ­Ъћё [3/23] | [10/4566] - п«пи 1300/2374
[2026-01-28 15:07:40] [DEBUG]    ­Ъћё [3/23] | [10/4566] - п«пи 1310/2374
[2026-01-28 15:07:52] [DEBUG]    ­Ъћё [3/23] | [10/4566] - п«пи 1320/2374
[2026-01-28 15:08:16] [DEBUG]    ­Ъћё [3/23] | [10/4566] - п«пи 1330/2374
[2026-01-28 15:08:41] [DEBUG]    ­Ъћё [3/23] | [10/4566] - п«пи 1340/2374
[2026-01-28 15:08:41] [DEBUG]    ­Ъћё [3/23] | [10/4566] - п«пи 1350/2374
[2026-01-28 15:08:41] [DEBUG]    ­Ъћё [3/23] | [10/4566] - п«пи 1360/2374
[2026-01-28 15:08:41] [DEBUG]    ­Ъћё [3/23] | [10/4566] - п«пи 1370/2374
[2026-01-28 15:08:41] [DEBUG]    ­Ъћё [3/23] | [10/4566] - п«пи 1380/2374
[2026-01-28 15:08:41] [DEBUG]    ­Ъћё [3/23] | [10/4566] - п«пи 1390/2374
[2026-01-28 15:08:41] [DEBUG]    ­Ъћё [3/23] | [10/4566] - п«пи 1400/2374
[2026-01-28 15:08:41] [DEBUG]    ­Ъћё [3/23] | [10/4566] - п«пи 1410/2374
[2026-01-28 15:08:41] [DEBUG]    ­Ъћё [3/23] | [10/4566] - п«пи 1420/2374
[2026-01-28 15:08:42] [DEBUG]    ­Ъћё [3/23] | [10/4566] - п«пи 1430/2374
[2026-01-28 15:08:42] [DEBUG]    ­Ъћё [3/23] | [10/4566] - п«пи 1440/2374
[2026-01-28 15:08:42] [DEBUG]    ­Ъћё [3/23] | [10/4566] - п«пи 1450/2374
[2026-01-28 15:08:42] [DEBUG]    ­Ъћё [3/23] | [10/4566] - п«пи 1460/2374
[2026-01-28 15:08:42] [DEBUG]    ­Ъћё [3/23] | [10/4566] - п«пи 1470/2374
[2026-01-28 15:08:42] [DEBUG]    ­Ъћё [3/23] | [10/4566] - п«пи 1480/2374
[2026-01-28 15:08:42] [DEBUG]    ­Ъћё [3/23] | [10/4566] - п«пи 1490/2374
[2026-01-28 15:08:42] [DEBUG]    ­Ъћё [3/23] | [10/4566] - п«пи 1500/2374
[2026-01-28 15:08:42] [DEBUG]    ­Ъћё [3/23] | [10/4566] - п«пи 1510/2374
[2026-01-28 15:08:42] [DEBUG]    ­Ъћё [3/23] | [10/4566] - п«пи 1520/2374
[2026-01-28 15:08:42] [DEBUG]    ­Ъћё [3/23] | [10/4566] - п«пи 1530/2374
[2026-01-28 15:08:42] [DEBUG]    ­Ъћё [3/23] | [10/4566] - п«пи 1540/2374
[2026-01-28 15:08:42] [DEBUG]    ­Ъћё [3/23] | [10/4566] - п«пи 1550/2374
[2026-01-28 15:08:43] [DEBUG]    ­Ъћё [3/23] | [10/4566] - п«пи 1560/2374
[2026-01-28 15:08:43] [DEBUG]    ­Ъћё [3/23] | [10/4566] - п«пи 1570/2374
[2026-01-28 15:08:43] [DEBUG]    ­Ъћё [3/23] | [10/4566] - п«пи 1580/2374
[2026-01-28 15:08:43] [DEBUG]    ­Ъћё [3/23] | [10/4566] - п«пи 1590/2374
[2026-01-28 15:08:43] [DEBUG]    ­Ъћё [3/23] | [10/4566] - п«пи 1600/2374
[2026-01-28 15:08:43] [DEBUG]    ­Ъћё [3/23] | [10/4566] - п«пи 1610/2374
[2026-01-28 15:08:43] [DEBUG]    ­Ъћё [3/23] | [10/4566] - п«пи 1620/2374
[2026-01-28 15:08:43] [DEBUG]    ­Ъћё [3/23] | [10/4566] - п«пи 1630/2374
[2026-01-28 15:08:43] [DEBUG]    ­Ъћё [3/23] | [10/4566] - п«пи 1640/2374
[2026-01-28 15:08:43] [DEBUG]    ­Ъћё [3/23] | [10/4566] - п«пи 1650/2374
[2026-01-28 15:08:43] [DEBUG]    ­Ъћё [3/23] | [10/4566] - п«пи 1660/2374
[2026-01-28 15:08:43] [DEBUG]    ­Ъћё [3/23] | [10/4566] - п«пи 1670/2374
[2026-01-28 15:08:43] [DEBUG]    ­Ъћё [3/23] | [10/4566] - п«пи 1680/2374
[2026-01-28 15:08:55] [DEBUG]    ­Ъћё [3/23] | [10/4566] - п«пи 1690/2374
[2026-01-28 15:09:07] [DEBUG]    ­Ъћё [3/23] | [10/4566] - п«пи 1700/2374
[2026-01-28 15:09:07] [DEBUG]    ­Ъћё [3/23] | [10/4566] - п«пи 1710/2374
[2026-01-28 15:09:07] [DEBUG]    ­Ъћё [3/23] | [10/4566] - п«пи 1720/2374
[2026-01-28 15:09:07] [DEBUG]    ­Ъћё [3/23] | [10/4566] - п«пи 1730/2374
[2026-01-28 15:09:32] [DEBUG]    ­Ъћё [3/23] | [10/4566] - п«пи 1740/2374
[2026-01-28 15:09:32] [DEBUG]    ­Ъћё [3/23] | [10/4566] - п«пи 1750/2374
[2026-01-28 15:09:44] [DEBUG]    ­Ъћё [3/23] | [10/4566] - п«пи 1760/2374
[2026-01-28 15:09:44] [DEBUG]    ­Ъћё [3/23] | [10/4566] - п«пи 1770/2374
[2026-01-28 15:09:44] [DEBUG]    ­Ъћё [3/23] | [10/4566] - п«пи 1780/2374
[2026-01-28 15:09:44] [DEBUG]    ­Ъћё [3/23] | [10/4566] - п«пи 1790/2374
[2026-01-28 15:09:44] [DEBUG]    ­Ъћё [3/23] | [10/4566] - п«пи 1800/2374
[2026-01-28 15:09:44] [DEBUG]    ­Ъћё [3/23] | [10/4566] - п«пи 1810/2374
[2026-01-28 15:09:44] [DEBUG]    ­Ъћё [3/23] | [10/4566] - п«пи 1820/2374
[2026-01-28 15:09:44] [DEBUG]    ­Ъћё [3/23] | [10/4566] - п«пи 1830/2374
[2026-01-28 15:09:44] [DEBUG]    ­Ъћё [3/23] | [10/4566] - п«пи 1840/2374
[2026-01-28 15:09:44] [DEBUG]    ­Ъћё [3/23] | [10/4566] - п«пи 1850/2374
[2026-01-28 15:09:44] [DEBUG]    ­Ъћё [3/23] | [10/4566] - п«пи 1860/2374
[2026-01-28 15:09:44] [DEBUG]    ­Ъћё [3/23] | [10/4566] - п«пи 1870/2374
[2026-01-28 15:09:44] [DEBUG]    ­Ъћё [3/23] | [10/4566] - п«пи 1880/2374
[2026-01-28 15:09:44] [DEBUG]    ­Ъћё [3/23] | [10/4566] - п«пи 1890/2374
[2026-01-28 15:09:44] [DEBUG]    ­Ъћё [3/23] | [10/4566] - п«пи 1900/2374
[2026-01-28 15:09:44] [DEBUG]    ­Ъћё [3/23] | [10/4566] - п«пи 1910/2374
[2026-01-28 15:09:44] [DEBUG]    ­Ъћё [3/23] | [10/4566] - п«пи 1920/2374
[2026-01-28 15:09:44] [DEBUG]    ­Ъћё [3/23] | [10/4566] - п«пи 1930/2374
[2026-01-28 15:09:44] [DEBUG]    ­Ъћё [3/23] | [10/4566] - п«пи 1940/2374
[2026-01-28 15:09:44] [DEBUG]    ­Ъћё [3/23] | [10/4566] - п«пи 1950/2374
[2026-01-28 15:09:44] [DEBUG]    ­Ъћё [3/23] | [10/4566] - п«пи 1960/2374
[2026-01-28 15:09:44] [DEBUG]    ­Ъћё [3/23] | [10/4566] - п«пи 1970/2374
[2026-01-28 15:09:44] [DEBUG]    ­Ъћё [3/23] | [10/4566] - п«пи 1980/2374
[2026-01-28 15:09:44] [DEBUG]    ­Ъћё [3/23] | [10/4566] - п«пи 1990/2374
[2026-01-28 15:09:44] [DEBUG]    ­Ъћё [3/23] | [10/4566] - п«пи 2000/2374
[2026-01-28 15:09:44] [DEBUG]    ­Ъћё [3/23] | [10/4566] - п«пи 2010/2374
[2026-01-28 15:09:44] [DEBUG]    ­Ъћё [3/23] | [10/4566] - п«пи 2020/2374
[2026-01-28 15:09:44] [DEBUG]    ­Ъћё [3/23] | [10/4566] - п«пи 2030/2374
[2026-01-28 15:09:44] [DEBUG]    ­Ъћё [3/23] | [10/4566] - п«пи 2040/2374
[2026-01-28 15:09:44] [DEBUG]    ­Ъћё [3/23] | [10/4566] - п«пи 2050/2374
[2026-01-28 15:09:44] [DEBUG]    ­Ъћё [3/23] | [10/4566] - п«пи 2060/2374
[2026-01-28 15:09:44] [DEBUG]    ­Ъћё [3/23] | [10/4566] - п«пи 2070/2374
[2026-01-28 15:09:44] [DEBUG]    ­Ъћё [3/23] | [10/4566] - п«пи 2080/2374
[2026-01-28 15:09:44] [DEBUG]    ­Ъћё [3/23] | [10/4566] - п«пи 2090/2374
[2026-01-28 15:09:44] [DEBUG]    ­Ъћё [3/23] | [10/4566] - п«пи 2100/2374
[2026-01-28 15:09:44] [DEBUG]    ­Ъћё [3/23] | [10/4566] - п«пи 2110/2374
[2026-01-28 15:09:44] [DEBUG]    ­Ъћё [3/23] | [10/4566] - п«пи 2120/2374
[2026-01-28 15:09:44] [DEBUG]    ­Ъћё [3/23] | [10/4566] - п«пи 2130/2374
[2026-01-28 15:09:44] [DEBUG]    ­Ъћё [3/23] | [10/4566] - п«пи 2140/2374
[2026-01-28 15:09:44] [DEBUG]    ­Ъћё [3/23] | [10/4566] - п«пи 2150/2374
[2026-01-28 15:09:44] [DEBUG]    ­Ъћё [3/23] | [10/4566] - п«пи 2160/2374
[2026-01-28 15:09:44] [DEBUG]    ­Ъћё [3/23] | [10/4566] - п«пи 2170/2374
[2026-01-28 15:09:45] [DEBUG]    ­Ъћё [3/23] | [10/4566] - п«пи 2180/2374
[2026-01-28 15:09:45] [DEBUG]    ­Ъћё [3/23] | [10/4566] - п«пи 2190/2374
[2026-01-28 15:09:45] [DEBUG]    ­Ъћё [3/23] | [10/4566] - п«пи 2200/2374
[2026-01-28 15:09:45] [DEBUG]    ­Ъћё [3/23] | [10/4566] - п«пи 2210/2374
[2026-01-28 15:09:45] [DEBUG]    ­Ъћё [3/23] | [10/4566] - п«пи 2220/2374
[2026-01-28 15:09:45] [DEBUG]    ­Ъћё [3/23] | [10/4566] - п«пи 2230/2374
[2026-01-28 15:09:45] [DEBUG]    ­Ъћё [3/23] | [10/4566] - п«пи 2240/2374
[2026-01-28 15:09:45] [DEBUG]    ­Ъћё [3/23] | [10/4566] - п«пи 2250/2374
[2026-01-28 15:09:45] [DEBUG]    ­Ъћё [3/23] | [10/4566] - п«пи 2260/2374
[2026-01-28 15:09:58] [DEBUG]    ­Ъћё [3/23] | [10/4566] - п«пи 2270/2374
[2026-01-28 15:10:47] [DEBUG]    ­Ъћё [3/23] | [10/4566] - п«пи 2280/2374
[2026-01-28 15:10:47] [DEBUG]    ­Ъћё [3/23] | [10/4566] - п«пи 2290/2374
[2026-01-28 15:10:47] [DEBUG]    ­Ъћё [3/23] | [10/4566] - п«пи 2300/2374
[2026-01-28 15:10:47] [DEBUG]    ­Ъћё [3/23] | [10/4566] - п«пи 2310/2374
[2026-01-28 15:10:48] [DEBUG]    ­Ъћё [3/23] | [10/4566] - п«пи 2320/2374
[2026-01-28 15:10:48] [DEBUG]    ­Ъћё [3/23] | [10/4566] - п«пи 2330/2374
[2026-01-28 15:10:48] [DEBUG]    ­Ъћё [3/23] | [10/4566] - п«пи 2340/2374
[2026-01-28 15:10:48] [DEBUG]    ­Ъћё [3/23] | [10/4566] - п«пи 2350/2374
[2026-01-28 15:11:25] [DEBUG]    ­Ъћё [3/23] | [10/4566] - п«пи 2360/2374
[2026-01-28 15:11:50] [DEBUG]    ­Ъћё [3/23] | [10/4566] - п«пи 2370/2374
[2026-01-28 15:11:50] [INFO] [3/23] РюЁ github-ss: 0 ┘Йп▒┘ѕ┌Еп│█ї пД█їп▒пД┘є█ї
[2026-01-28 15:11:50] [DEBUG]    ­ЪЊі ┘ѕпХп╣█їпф ┘є┘ЄпД█ї█ї: [10/4566] | ┘єпД┘Ёп╣пфпеп▒: 39 | п║█їп▒пД█їп▒пД┘є█ї: 2335
[2026-01-28 15:11:51] [INFO] [4/23] ­ЪћЇ п»п▒█їпД┘Ђпф пДп▓ github-hope
[2026-01-28 15:11:51] [DEBUG]    ­ЪЊі ┘ѕпХп╣█їпф ┘Ђп╣┘ё█ї: [10/4566]
[2026-01-28 15:12:07] [INFO] [5/23] ­ЪћЇ п»п▒█їпД┘Ђпф пДп▓ github-telegram
[2026-01-28 15:12:07] [DEBUG]    ­ЪЊі ┘ѕпХп╣█їпф ┘Ђп╣┘ё█ї: [10/4566]
[2026-01-28 15:12:23] [INFO] [6/23] ­ЪћЇ п»п▒█їпД┘Ђпф пДп▓ github-ss-aggr
[2026-01-28 15:12:23] [DEBUG]    ­ЪЊі ┘ѕпХп╣█їпф ┘Ђп╣┘ё█ї: [10/4566]
[2026-01-28 15:12:37] [INFO] [7/23] ­ЪћЇ п»п▒█їпД┘Ђпф пДп▓ github-freefq
[2026-01-28 15:12:37] [DEBUG]    ­ЪЊі ┘ѕпХп╣█їпф ┘Ђп╣┘ё█ї: [10/4566]
[2026-01-28 15:12:39] [DEBUG]    ­ЪЊё 1 п«пи п»п▒█їпД┘Ђпф п┤п»
[2026-01-28 15:12:39] [INFO] [7/23] РюЁ github-freefq: 0 ┘Йп▒┘ѕ┌Еп│█ї пД█їп▒пД┘є█ї
[2026-01-28 15:12:39] [DEBUG]    ­ЪЊі ┘ѕпХп╣█їпф ┘є┘ЄпД█ї█ї: [10/4567] | ┘єпД┘Ёп╣пфпеп▒: 0 | п║█їп▒пД█їп▒пД┘є█ї: 0
[2026-01-28 15:12:40] [INFO] [8/23] ­ЪћЇ п»п▒█їпД┘Ђпф пДп▓ proxyscrape-socks5
[2026-01-28 15:12:40] [DEBUG]    ­ЪЊі ┘ѕпХп╣█їпф ┘Ђп╣┘ё█ї: [10/4567]
[2026-01-28 15:12:42] [DEBUG]    ­ЪЊё 1 п«пи п»п▒█їпД┘Ђпф п┤п»
[2026-01-28 15:12:42] [INFO] [8/23] РюЁ proxyscrape-socks5: 0 ┘Йп▒┘ѕ┌Еп│█ї пД█їп▒пД┘є█ї
[2026-01-28 15:12:42] [DEBUG]    ­ЪЊі ┘ѕпХп╣█їпф ┘є┘ЄпД█ї█ї: [10/4568] | ┘єпД┘Ёп╣пфпеп▒: 0 | п║█їп▒пД█їп▒пД┘є█ї: 0
[2026-01-28 15:12:43] [INFO] [9/23] ­ЪћЇ п»п▒█їпД┘Ђпф пДп▓ proxyscrape-http
[2026-01-28 15:12:43] [DEBUG]    ­ЪЊі ┘ѕпХп╣█їпф ┘Ђп╣┘ё█ї: [10/4568]
[2026-01-28 15:12:44] [DEBUG]    ­ЪЊё 7 п«пи п»п▒█їпД┘Ђпф п┤п»
[2026-01-28 15:12:50] [INFO] [9/23] РюЁ proxyscrape-http: 2 ┘Йп▒┘ѕ┌Еп│█ї пД█їп▒пД┘є█ї
[2026-01-28 15:12:50] [DEBUG]    ­ЪЊі ┘ѕпХп╣█їпф ┘є┘ЄпД█ї█ї: [12/4575] | ┘єпД┘Ёп╣пфпеп▒: 0 | п║█їп▒пД█їп▒пД┘є█ї: 5
[2026-01-28 15:12:51] [INFO] [10/23] ­ЪћЇ п»п▒█їпД┘Ђпф пДп▓ proxyscrape-https
[2026-01-28 15:12:51] [DEBUG]    ­ЪЊі ┘ѕпХп╣█їпф ┘Ђп╣┘ё█ї: [12/4575]
[2026-01-28 15:12:53] [DEBUG]    ­ЪЊё 8 п«пи п»п▒█їпД┘Ђпф п┤п»
[2026-01-28 15:12:58] [INFO] [10/23] РюЁ proxyscrape-https: 2 ┘Йп▒┘ѕ┌Еп│█ї пД█їп▒пД┘є█ї
[2026-01-28 15:12:58] [DEBUG]    ­ЪЊі ┘ѕпХп╣█їпф ┘є┘ЄпД█ї█ї: [14/4583] | ┘єпД┘Ёп╣пфпеп▒: 0 | п║█їп▒пД█їп▒пД┘є█ї: 6
[2026-01-28 15:12:59] [INFO] [11/23] ­ЪћЇ п»п▒█їпД┘Ђпф пДп▓ github-socks5
[2026-01-28 15:12:59] [DEBUG]    ­ЪЊі ┘ѕпХп╣█їпф ┘Ђп╣┘ё█ї: [14/4583]
[2026-01-28 15:13:01] [DEBUG]    ­ЪЊё 1644 п«пи п»п▒█їпД┘Ђпф п┤п»
[2026-01-28 15:13:01] [DEBUG]    ­Ъћё [11/23] | [14/6227] - п«пи 10/1644
[2026-01-28 15:13:02] [DEBUG]    ­Ъћё [11/23] | [14/6227] - п«пи 20/1644
[2026-01-28 15:13:02] [DEBUG]    ­Ъћё [11/23] | [14/6227] - п«пи 30/1644
[2026-01-28 15:13:02] [DEBUG]    ­Ъћё [11/23] | [14/6227] - п«пи 40/1644
[2026-01-28 15:13:55] [DEBUG]    ­Ъћё [11/23] | [14/6227] - п«пи 50/1644
[2026-01-28 15:13:55] [DEBUG]    ­Ъћё [11/23] | [14/6227] - п«пи 60/1644
[2026-01-28 15:13:55] [DEBUG]    ­Ъћё [11/23] | [14/6227] - п«пи 70/1644
[2026-01-28 15:13:56] [DEBUG]    ­Ъћё [11/23] | [14/6227] - п«пи 80/1644
[2026-01-28 15:13:56] [DEBUG]    ­Ъћё [11/23] | [14/6227] - п«пи 90/1644
[2026-01-28 15:14:58] [DEBUG]    ­Ъћё [11/23] | [14/6227] - п«пи 100/1644
[2026-01-28 15:14:59] [DEBUG]    ­Ъћё [11/23] | [14/6227] - п«пи 110/1644
[2026-01-28 15:14:59] [DEBUG]    ­Ъћё [11/23] | [14/6227] - п«пи 120/1644
[2026-01-28 15:14:59] [DEBUG]    ­Ъћё [11/23] | [14/6227] - п«пи 130/1644
[2026-01-28 15:15:00] [DEBUG]    ­Ъћё [11/23] | [14/6227] - п«пи 140/1644
[2026-01-28 15:16:01] [DEBUG]    ­Ъћё [11/23] | [14/6227] - п«пи 150/1644
[2026-01-28 15:16:02] [DEBUG]    ­Ъћё [11/23] | [14/6227] - п«пи 160/1644
[2026-01-28 15:16:02] [DEBUG]    ­Ъћё [11/23] | [14/6227] - п«пи 170/1644
[2026-01-28 15:16:02] [DEBUG]    ­Ъћё [11/23] | [14/6227] - п«пи 180/1644
[2026-01-28 15:16:03] [DEBUG]    ­Ъћё [11/23] | [14/6227] - п«пи 190/1644
[2026-01-28 15:17:04] [DEBUG]    ­Ъћё [11/23] | [14/6227] - п«пи 200/1644
[2026-01-28 15:17:04] [DEBUG]    ­Ъћё [11/23] | [14/6227] - п«пи 210/1644
[2026-01-28 15:17:05] [DEBUG]    ­Ъћё [11/23] | [14/6227] - п«пи 220/1644
[2026-01-28 15:17:05] [DEBUG]    ­Ъћё [11/23] | [14/6227] - п«пи 230/1644
[2026-01-28 15:17:06] [DEBUG]    ­Ъћё [11/23] | [14/6227] - п«пи 240/1644
[2026-01-28 15:18:07] [DEBUG]    ­Ъћё [11/23] | [14/6227] - п«пи 250/1644
[2026-01-28 15:18:07] [DEBUG]    ­Ъћё [11/23] | [14/6227] - п«пи 260/1644
[2026-01-28 15:18:08] [DEBUG]    ­Ъћё [11/23] | [14/6227] - п«пи 270/1644
[2026-01-28 15:18:08] [DEBUG]    ­Ъћё [11/23] | [14/6227] - п«пи 280/1644
[2026-01-28 15:18:08] [DEBUG]    ­Ъћё [11/23] | [14/6227] - п«пи 290/1644
[2026-01-28 15:19:10] [DEBUG]    ­Ъћё [11/23] | [14/6227] - п«пи 300/1644
[2026-01-28 15:19:10] [DEBUG]    ­Ъћё [11/23] | [14/6227] - п«пи 310/1644
[2026-01-28 15:19:10] [DEBUG]    ­Ъћё [11/23] | [14/6227] - п«пи 320/1644
[2026-01-28 15:19:11] [DEBUG]    ­Ъћё [11/23] | [14/6227] - п«пи 330/1644
[2026-01-28 15:19:11] [DEBUG]    ­Ъћё [11/23] | [14/6227] - п«пи 340/1644
[2026-01-28 15:20:12] [DEBUG]    ­Ъћё [11/23] | [14/6227] - п«пи 350/1644
[2026-01-28 15:20:13] [DEBUG]    ­Ъћё [11/23] | [14/6227] - п«пи 360/1644
[2026-01-28 15:20:13] [DEBUG]    ­Ъћё [11/23] | [14/6227] - п«пи 370/1644
[2026-01-28 15:20:14] [DEBUG]    ­Ъћё [11/23] | [14/6227] - п«пи 380/1644
[2026-01-28 15:20:14] [DEBUG]    ­Ъћё [11/23] | [14/6227] - п«пи 390/1644
[2026-01-28 15:21:06] [DEBUG]    ­Ъћё [11/23] | [14/6227] - п«пи 400/1644
[2026-01-28 15:21:19] [DEBUG]    ­Ъћё [11/23] | [14/6227] - п«пи 410/1644
[2026-01-28 15:21:19] [DEBUG]    ­Ъћё [11/23] | [14/6227] - п«пи 420/1644
[2026-01-28 15:21:20] [DEBUG]    ­Ъћё [11/23] | [14/6227] - п«пи 430/1644
[2026-01-28 15:21:20] [DEBUG]    ­Ъћё [11/23] | [14/6227] - п«пи 440/1644
[2026-01-28 15:22:09] [DEBUG]    ­Ъћё [11/23] | [14/6227] - п«пи 450/1644
[2026-01-28 15:22:22] [DEBUG]    ­Ъћё [11/23] | [14/6227] - п«пи 460/1644
[2026-01-28 15:22:22] [DEBUG]    ­Ъћё [11/23] | [14/6227] - п«пи 470/1644
[2026-01-28 15:22:23] [DEBUG]    ­Ъћё [11/23] | [14/6227] - п«пи 480/1644
[2026-01-28 15:22:23] [DEBUG]    ­Ъћё [11/23] | [14/6227] - п«пи 490/1644
[2026-01-28 15:23:12] [DEBUG]    ­Ъћё [11/23] | [14/6227] - п«пи 500/1644
[2026-01-28 15:23:25] [DEBUG]    ­Ъћё [11/23] | [14/6227] - п«пи 510/1644
[2026-01-28 15:23:25] [DEBUG]    ­Ъћё [11/23] | [14/6227] - п«пи 520/1644
[2026-01-28 15:23:25] [DEBUG]    ­Ъћё [11/23] | [14/6227] - п«пи 530/1644
[2026-01-28 15:23:26] [DEBUG]    ­Ъћё [11/23] | [14/6227] - п«пи 540/1644
[2026-01-28 15:24:03] [DEBUG]    ­Ъћё [11/23] | [14/6227] - п«пи 550/1644
[2026-01-28 15:24:33] [DEBUG]    ­Ъћё [11/23] | [15/6227] - п«пи 560/1644
[2026-01-28 15:24:33] [DEBUG]    ­Ъћё [11/23] | [15/6227] - п«пи 570/1644
[2026-01-28 15:24:33] [DEBUG]    ­Ъћё [11/23] | [15/6227] - п«пи 580/1644
[2026-01-28 15:24:34] [DEBUG]    ­Ъћё [11/23] | [15/6227] - п«пи 590/1644
[2026-01-28 15:25:11] [DEBUG]    ­Ъћё [11/23] | [15/6227] - п«пи 600/1644
[2026-01-28 15:25:35] [DEBUG]    ­Ъћё [11/23] | [15/6227] - п«пи 610/1644
[2026-01-28 15:25:36] [DEBUG]    ­Ъћё [11/23] | [15/6227] - п«пи 620/1644
[2026-01-28 15:25:36] [DEBUG]    ­Ъћё [11/23] | [15/6227] - п«пи 630/1644
[2026-01-28 15:25:37] [DEBUG]    ­Ъћё [11/23] | [15/6227] - п«пи 640/1644
[2026-01-28 15:26:14] [DEBUG]    ­Ъћё [11/23] | [16/6227] - п«пи 650/1644
[2026-01-28 15:26:39] [DEBUG]    ­Ъћё [11/23] | [16/6227] - п«пи 660/1644
[2026-01-28 15:26:39] [DEBUG]    ­Ъћё [11/23] | [16/6227] - п«пи 670/1644
[2026-01-28 15:26:39] [DEBUG]    ­Ъћё [11/23] | [16/6227] - п«пи 680/1644
[2026-01-28 15:26:40] [DEBUG]    ­Ъћё [11/23] | [16/6227] - п«пи 690/1644
[2026-01-28 15:27:17] [DEBUG]    ­Ъћё [11/23] | [16/6227] - п«пи 700/1644
[2026-01-28 15:27:41] [DEBUG]    ­Ъћё [11/23] | [16/6227] - п«пи 710/1644
[2026-01-28 15:27:42] [DEBUG]    ­Ъћё [11/23] | [16/6227] - п«пи 720/1644
[2026-01-28 15:27:42] [DEBUG]    ­Ъћё [11/23] | [16/6227] - п«пи 730/1644
[2026-01-28 15:27:42] [DEBUG]    ­Ъћё [11/23] | [16/6227] - п«пи 740/1644
[2026-01-28 15:28:19] [DEBUG]    ­Ъћё [11/23] | [16/6227] - п«пи 750/1644
[2026-01-28 15:28:44] [DEBUG]    ­Ъћё [11/23] | [16/6227] - п«пи 760/1644
[2026-01-28 15:28:44] [DEBUG]    ­Ъћё [11/23] | [16/6227] - п«пи 770/1644
[2026-01-28 15:28:45] [DEBUG]    ­Ъћё [11/23] | [16/6227] - п«пи 780/1644
[2026-01-28 15:28:45] [DEBUG]    ­Ъћё [11/23] | [16/6227] - п«пи 790/1644
[2026-01-28 15:29:10] [DEBUG]    ­Ъћё [11/23] | [17/6227] - п«пи 800/1644
[2026-01-28 15:29:47] [DEBUG]    ­Ъћё [11/23] | [17/6227] - п«пи 810/1644
[2026-01-28 15:29:47] [DEBUG]    ­Ъћё [11/23] | [17/6227] - п«пи 820/1644
[2026-01-28 15:29:48] [DEBUG]    ­Ъћё [11/23] | [17/6227] - п«пи 830/1644
[2026-01-28 15:29:48] [DEBUG]    ­Ъћё [11/23] | [17/6227] - п«пи 840/1644
[2026-01-28 15:30:13] [DEBUG]    ­Ъћё [11/23] | [17/6227] - п«пи 850/1644
[2026-01-28 15:30:50] [DEBUG]    ­Ъћё [11/23] | [17/6227] - п«пи 860/1644
[2026-01-28 15:30:50] [DEBUG]    ­Ъћё [11/23] | [17/6227] - п«пи 870/1644
[2026-01-28 15:30:50] [DEBUG]    ­Ъћё [11/23] | [17/6227] - п«пи 880/1644
[2026-01-28 15:30:51] [DEBUG]    ­Ъћё [11/23] | [17/6227] - п«пи 890/1644
[2026-01-28 15:31:16] [DEBUG]    ­Ъћё [11/23] | [17/6227] - п«пи 900/1644
[2026-01-28 15:31:53] [DEBUG]    ­Ъћё [11/23] | [17/6227] - п«пи 910/1644
[2026-01-28 15:31:53] [DEBUG]    ­Ъћё [11/23] | [17/6227] - п«пи 920/1644
[2026-01-28 15:31:53] [DEBUG]    ­Ъћё [11/23] | [17/6227] - п«пи 930/1644
[2026-01-28 15:31:54] [DEBUG]    ­Ъћё [11/23] | [17/6227] - п«пи 940/1644
[2026-01-28 15:32:18] [DEBUG]    ­Ъћё [11/23] | [17/6227] - п«пи 950/1644
[2026-01-28 15:32:55] [DEBUG]    ­Ъћё [11/23] | [17/6227] - п«пи 960/1644
[2026-01-28 15:32:56] [DEBUG]    ­Ъћё [11/23] | [17/6227] - п«пи 970/1644
[2026-01-28 15:32:56] [DEBUG]    ­Ъћё [11/23] | [17/6227] - п«пи 980/1644
[2026-01-28 15:32:56] [DEBUG]    ­Ъћё [11/23] | [17/6227] - п«пи 990/1644
[2026-01-28 15:33:41] [DEBUG]    ­Ъћё [11/23] | [17/6227] - п«пи 1000/1644
[2026-01-28 15:33:57] [DEBUG]    ­Ъћё [11/23] | [17/6227] - п«пи 1010/1644
[2026-01-28 15:33:57] [DEBUG]    ­Ъћё [11/23] | [17/6227] - п«пи 1020/1644
[2026-01-28 15:33:57] [DEBUG]    ­Ъћё [11/23] | [17/6227] - п«пи 1030/1644
[2026-01-28 15:33:58] [DEBUG]    ­Ъћё [11/23] | [17/6227] - п«пи 1040/1644
[2026-01-28 15:34:35] [DEBUG]    ­Ъћё [11/23] | [17/6227] - п«пи 1050/1644
[2026-01-28 15:35:00] [DEBUG]    ­Ъћё [11/23] | [17/6227] - п«пи 1060/1644
[2026-01-28 15:35:00] [DEBUG]    ­Ъћё [11/23] | [17/6227] - п«пи 1070/1644
[2026-01-28 15:35:00] [DEBUG]    ­Ъћё [11/23] | [17/6227] - п«пи 1080/1644
[2026-01-28 15:35:01] [DEBUG]    ­Ъћё [11/23] | [17/6227] - п«пи 1090/1644
[2026-01-28 15:35:38] [DEBUG]    ­Ъћё [11/23] | [17/6227] - п«пи 1100/1644
[2026-01-28 15:36:02] [DEBUG]    ­Ъћё [11/23] | [17/6227] - п«пи 1110/1644
[2026-01-28 15:36:03] [DEBUG]    ­Ъћё [11/23] | [17/6227] - п«пи 1120/1644
[2026-01-28 15:36:03] [DEBUG]    ­Ъћё [11/23] | [17/6227] - п«пи 1130/1644
[2026-01-28 15:36:03] [DEBUG]    ­Ъћё [11/23] | [17/6227] - п«пи 1140/1644
[2026-01-28 15:36:40] [DEBUG]    ­Ъћё [11/23] | [17/6227] - п«пи 1150/1644
[2026-01-28 15:37:05] [DEBUG]    ­Ъћё [11/23] | [17/6227] - п«пи 1160/1644
[2026-01-28 15:37:06] [DEBUG]    ­Ъћё [11/23] | [17/6227] - п«пи 1170/1644
[2026-01-28 15:37:06] [DEBUG]    ­Ъћё [11/23] | [17/6227] - п«пи 1180/1644
[2026-01-28 15:37:06] [DEBUG]    ­Ъћё [11/23] | [17/6227] - п«пи 1190/1644
[2026-01-28 15:37:44] [DEBUG]    ­Ъћё [11/23] | [18/6227] - п«пи 1200/1644
[2026-01-28 15:38:09] [DEBUG]    ­Ъћё [11/23] | [18/6227] - п«пи 1210/1644
[2026-01-28 15:38:09] [DEBUG]    ­Ъћё [11/23] | [18/6227] - п«пи 1220/1644
[2026-01-28 15:38:09] [DEBUG]    ­Ъћё [11/23] | [18/6227] - п«пи 1230/1644
[2026-01-28 15:38:10] [DEBUG]    ­Ъћё [11/23] | [18/6227] - п«пи 1240/1644
[2026-01-28 15:38:35] [DEBUG]    ­Ъћё [11/23] | [18/6227] - п«пи 1250/1644
[2026-01-28 15:39:12] [DEBUG]    ­Ъћё [11/23] | [18/6227] - п«пи 1260/1644
[2026-01-28 15:39:12] [DEBUG]    ­Ъћё [11/23] | [18/6227] - п«пи 1270/1644
[2026-01-28 15:39:13] [DEBUG]    ­Ъћё [11/23] | [18/6227] - п«пи 1280/1644
[2026-01-28 15:39:18] [DEBUG]    ­Ъћё [11/23] | [19/6227] - п«пи 1290/1644
[2026-01-28 15:39:30] [DEBUG]    ­Ъћё [11/23] | [19/6227] - п«пи 1300/1644
[2026-01-28 15:40:20] [DEBUG]    ­Ъћё [11/23] | [19/6227] - п«пи 1310/1644
[2026-01-28 15:40:20] [DEBUG]    ­Ъћё [11/23] | [19/6227] - п«пи 1320/1644
[2026-01-28 15:40:20] [DEBUG]    ­Ъћё [11/23] | [19/6227] - п«пи 1330/1644
[2026-01-28 15:40:21] [DEBUG]    ­Ъћё [11/23] | [19/6227] - п«пи 1340/1644
[2026-01-28 15:40:21] [DEBUG]    ­Ъћё [11/23] | [19/6227] - п«пи 1350/1644
[2026-01-28 15:41:23] [DEBUG]    ­Ъћё [11/23] | [19/6227] - п«пи 1360/1644
[2026-01-28 15:41:23] [DEBUG]    ­Ъћё [11/23] | [19/6227] - п«пи 1370/1644
[2026-01-28 15:41:23] [DEBUG]    ­Ъћё [11/23] | [19/6227] - п«пи 1380/1644
[2026-01-28 15:41:24] [DEBUG]    ­Ъћё [11/23] | [19/6227] - п«пи 1390/1644
[2026-01-28 15:41:24] [DEBUG]    ­Ъћё [11/23] | [19/6227] - п«пи 1400/1644
[2026-01-28 15:42:25] [DEBUG]    ­Ъћё [11/23] | [19/6227] - п«пи 1410/1644
[2026-01-28 15:42:26] [DEBUG]    ­Ъћё [11/23] | [19/6227] - п«пи 1420/1644
[2026-01-28 15:42:26] [DEBUG]    ­Ъћё [11/23] | [19/6227] - п«пи 1430/1644
[2026-01-28 15:42:26] [DEBUG]    ­Ъћё [11/23] | [19/6227] - п«пи 1440/1644
[2026-01-28 15:42:27] [DEBUG]    ­Ъћё [11/23] | [19/6227] - п«пи 1450/1644
[2026-01-28 15:43:28] [DEBUG]    ­Ъћё [11/23] | [19/6227] - п«пи 1460/1644
[2026-01-28 15:43:29] [DEBUG]    ­Ъћё [11/23] | [19/6227] - п«пи 1470/1644
[2026-01-28 15:43:29] [DEBUG]    ­Ъћё [11/23] | [19/6227] - п«пи 1480/1644
[2026-01-28 15:43:29] [DEBUG]    ­Ъћё [11/23] | [19/6227] - п«пи 1490/1644
[2026-01-28 15:43:30] [DEBUG]    ­Ъћё [11/23] | [19/6227] - п«пи 1500/1644
[2026-01-28 15:44:31] [DEBUG]    ­Ъћё [11/23] | [19/6227] - п«пи 1510/1644
[2026-01-28 15:44:31] [DEBUG]    ­Ъћё [11/23] | [19/6227] - п«пи 1520/1644
[2026-01-28 15:44:32] [DEBUG]    ­Ъћё [11/23] | [19/6227] - п«пи 1530/1644
[2026-01-28 15:44:32] [DEBUG]    ­Ъћё [11/23] | [19/6227] - п«пи 1540/1644
[2026-01-28 15:44:32] [DEBUG]    ­Ъћё [11/23] | [19/6227] - п«пи 1550/1644
[2026-01-28 15:45:34] [DEBUG]    ­Ъћё [11/23] | [19/6227] - п«пи 1560/1644
[2026-01-28 15:45:34] [DEBUG]    ­Ъћё [11/23] | [19/6227] - п«пи 1570/1644
[2026-01-28 15:45:35] [DEBUG]    ­Ъћё [11/23] | [19/6227] - п«пи 1580/1644
[2026-01-28 15:45:35] [DEBUG]    ­Ъћё [11/23] | [19/6227] - п«пи 1590/1644
[2026-01-28 15:45:35] [DEBUG]    ­Ъћё [11/23] | [19/6227] - п«пи 1600/1644
[2026-01-28 15:46:37] [DEBUG]    ­Ъћё [11/23] | [19/6227] - п«пи 1610/1644
[2026-01-28 15:46:37] [DEBUG]    ­Ъћё [11/23] | [19/6227] - п«пи 1620/1644
[2026-01-28 15:46:37] [DEBUG]    ­Ъћё [11/23] | [19/6227] - п«пи 1630/1644
[2026-01-28 15:46:38] [DEBUG]    ­Ъћё [11/23] | [19/6227] - п«пи 1640/1644
[2026-01-28 15:46:38] [INFO] [11/23] РюЁ github-socks5: 5 ┘Йп▒┘ѕ┌Еп│█ї пД█їп▒пД┘є█ї
[2026-01-28 15:46:38] [DEBUG]    ­ЪЊі ┘ѕпХп╣█їпф ┘є┘ЄпД█ї█ї: [19/6227] | ┘єпД┘Ёп╣пфпеп▒: 0 | п║█їп▒пД█їп▒пД┘є█ї: 1639
[2026-01-28 15:46:39] [INFO] [12/23] ­ЪћЇ п»п▒█їпД┘Ђпф пДп▓ github-hookzof
[2026-01-28 15:46:39] [DEBUG]    ­ЪЊі ┘ѕпХп╣█їпф ┘Ђп╣┘ё█ї: [19/6227]
[2026-01-28 15:46:41] [DEBUG]    ­ЪЊё 18 п«пи п»п▒█їпД┘Ђпф п┤п»
[2026-01-28 15:46:41] [DEBUG]    ­Ъћё [12/23] | [19/6245] - п«пи 10/18
[2026-01-28 15:47:43] [INFO] [12/23] РюЁ github-hookzof: 0 ┘Йп▒┘ѕ┌Еп│█ї пД█їп▒пД┘є█ї
[2026-01-28 15:47:43] [DEBUG]    ­ЪЊі ┘ѕпХп╣█їпф ┘є┘ЄпД█ї█ї: [19/6245] | ┘єпД┘Ёп╣пфпеп▒: 0 | п║█їп▒пД█їп▒пД┘є█ї: 18
[2026-01-28 15:47:43] [INFO] [13/23] ­ЪћЇ п»п▒█їпД┘Ђпф пДп▓ github-nowalls
[2026-01-28 15:47:43] [DEBUG]    ­ЪЊі ┘ѕпХп╣█їпф ┘Ђп╣┘ё█ї: [19/6245]
[2026-01-28 15:47:45] [DEBUG]    ­ЪЊё 1 п«пи п»п▒█їпД┘Ђпф п┤п»
[2026-01-28 15:47:45] [INFO] [13/23] РюЁ github-nowalls: 0 ┘Йп▒┘ѕ┌Еп│█ї пД█їп▒пД┘є█ї
[2026-01-28 15:47:45] [DEBUG]    ­ЪЊі ┘ѕпХп╣█їпф ┘є┘ЄпД█ї█ї: [19/6246] | ┘єпД┘Ёп╣пфпеп▒: 0 | п║█їп▒пД█їп▒пД┘є█ї: 0
[2026-01-28 15:47:47] [INFO] [14/23] ­ЪћЇ п»п▒█їпД┘Ђпф пДп▓ github-ddfhp
[2026-01-28 15:47:47] [DEBUG]    ­ЪЊі ┘ѕпХп╣█їпф ┘Ђп╣┘ё█ї: [19/6246]
[2026-01-28 15:48:00] [INFO] [15/23] ­ЪћЇ п»п▒█їпД┘Ђпф пДп▓ proxyhub-http
[2026-01-28 15:48:00] [DEBUG]    ­ЪЊі ┘ѕпХп╣█їпф ┘Ђп╣┘ё█ї: [19/6246]
[2026-01-28 15:48:08] [INFO] [15/23] РюЁ proxyhub-http: 0 ┘Йп▒┘ѕ┌Еп│█ї пД█їп▒пД┘є█ї
[2026-01-28 15:48:08] [DEBUG]    ­ЪЊі ┘ѕпХп╣█їпф ┘є┘ЄпД█ї█ї: [19/6246]
[2026-01-28 15:48:09] [INFO] [16/23] ­ЪћЇ п»п▒█їпД┘Ђпф пДп▓ proxyhub-socks5
[2026-01-28 15:48:09] [DEBUG]    ­ЪЊі ┘ѕпХп╣█їпф ┘Ђп╣┘ё█ї: [19/6246]
[2026-01-28 15:48:13] [INFO] [16/23] РюЁ proxyhub-socks5: 0 ┘Йп▒┘ѕ┌Еп│█ї пД█їп▒пД┘є█ї
[2026-01-28 15:48:13] [DEBUG]    ­ЪЊі ┘ѕпХп╣█їпф ┘є┘ЄпД█ї█ї: [19/6246]
[2026-01-28 15:48:15] [INFO] [17/23] ­ЪћЇ п»п▒█їпД┘Ђпф пДп▓ proxydocker-socks5
[2026-01-28 15:48:15] [DEBUG]    ­ЪЊі ┘ѕпХп╣█їпф ┘Ђп╣┘ё█ї: [19/6246]
[2026-01-28 15:48:22] [INFO] [17/23] РюЁ proxydocker-socks5: 0 ┘Йп▒┘ѕ┌Еп│█ї пД█їп▒пД┘є█ї
[2026-01-28 15:48:22] [DEBUG]    ­ЪЊі ┘ѕпХп╣█їпф ┘є┘ЄпД█ї█ї: [19/6246]
[2026-01-28 15:48:23] [INFO] [18/23] ­ЪћЇ п»п▒█їпД┘Ђпф пДп▓ proxydocker-http
[2026-01-28 15:48:23] [DEBUG]    ­ЪЊі ┘ѕпХп╣█їпф ┘Ђп╣┘ё█ї: [19/6246]
[2026-01-28 15:48:25] [WARNING]    Рџа№ИЈ п»п│пфп▒п│█ї ┘Ё┘Ё┘є┘ѕп╣ (403) - пф┘ёпДп┤ 1/3
[2026-01-28 15:48:37] [INFO] [18/23] РюЁ proxydocker-http: 0 ┘Йп▒┘ѕ┌Еп│█ї пД█їп▒пД┘є█ї
[2026-01-28 15:48:37] [DEBUG]    ­ЪЊі ┘ѕпХп╣█їпф ┘є┘ЄпД█ї█ї: [19/6246]
[2026-01-28 15:48:38] [INFO] [19/23] ­ЪћЇ п»п▒█їпД┘Ђпф пДп▓ freeproxy-http
[2026-01-28 15:48:38] [DEBUG]    ­ЪЊі ┘ѕпХп╣█їпф ┘Ђп╣┘ё█ї: [19/6246]
[2026-01-28 15:48:40] [WARNING]    Рџа№ИЈ п»п│пфп▒п│█ї ┘Ё┘Ё┘є┘ѕп╣ (403) - пф┘ёпДп┤ 1/3
[2026-01-28 15:48:49] [WARNING]    Рџа№ИЈ п»п│пфп▒п│█ї ┘Ё┘Ё┘є┘ѕп╣ (403) - пф┘ёпДп┤ 2/3
[2026-01-28 15:48:58] [WARNING]    Рџа№ИЈ п»п│пфп▒п│█ї ┘Ё┘Ё┘є┘ѕп╣ (403) - пф┘ёпДп┤ 3/3
[2026-01-28 15:48:58] [ERROR]    РЮї пеп╣п» пДп▓ █│ пф┘ёпДп┤ ┘Ё┘ѕ┘Ђ┘ѓ ┘єп┤п»█ї┘Ё
[2026-01-28 15:48:59] [INFO] [20/23] ­ЪћЇ п»п▒█їпД┘Ђпф пДп▓ freeproxy-socks5
[2026-01-28 15:48:59] [DEBUG]    ­ЪЊі ┘ѕпХп╣█їпф ┘Ђп╣┘ё█ї: [19/6246]
[2026-01-28 15:49:01] [WARNING]    Рџа№ИЈ п»п│пфп▒п│█ї ┘Ё┘Ё┘є┘ѕп╣ (403) - пф┘ёпДп┤ 1/3
[2026-01-28 15:49:12] [WARNING]    Рџа№ИЈ п»п│пфп▒п│█ї ┘Ё┘Ё┘є┘ѕп╣ (403) - пф┘ёпДп┤ 2/3
[2026-01-28 15:49:23] [WARNING]    Рџа№ИЈ п»п│пфп▒п│█ї ┘Ё┘Ё┘є┘ѕп╣ (403) - пф┘ёпДп┤ 3/3
[2026-01-28 15:49:23] [ERROR]    РЮї пеп╣п» пДп▓ █│ пф┘ёпДп┤ ┘Ё┘ѕ┘Ђ┘ѓ ┘єп┤п»█ї┘Ё
[2026-01-28 15:49:24] [INFO] [21/23] ­ЪћЇ п»п▒█їпД┘Ђпф пДп▓ emergency-http
[2026-01-28 15:49:24] [DEBUG]    ­ЪЊі ┘ѕпХп╣█їпф ┘Ђп╣┘ё█ї: [19/6246]
[2026-01-28 15:49:26] [DEBUG]    ­ЪЊё 689 п«пи п»п▒█їпД┘Ђпф п┤п»
[2026-01-28 15:49:26] [DEBUG]    ­Ъћё [21/23] | [19/6935] - п«пи 10/689
[2026-01-28 15:49:26] [DEBUG]    ­Ъћё [21/23] | [19/6935] - п«пи 20/689
[2026-01-28 15:49:27] [DEBUG]    ­Ъћё [21/23] | [20/6935] - п«пи 30/689
[2026-01-28 15:49:27] [DEBUG]    ­Ъћё [21/23] | [20/6935] - п«пи 40/689
[2026-01-28 15:49:27] [DEBUG]    ­Ъћё [21/23] | [20/6935] - п«пи 50/689
[2026-01-28 15:49:27] [DEBUG]    ­Ъћё [21/23] | [20/6935] - п«пи 60/689
[2026-01-28 15:49:27] [DEBUG]    ­Ъћё [21/23] | [20/6935] - п«пи 70/689
[2026-01-28 15:49:28] [DEBUG]    ­Ъћё [21/23] | [20/6935] - п«пи 80/689
[2026-01-28 15:50:29] [DEBUG]    ­Ъћё [21/23] | [20/6935] - п«пи 90/689
[2026-01-28 15:50:29] [DEBUG]    ­Ъћё [21/23] | [20/6935] - п«пи 100/689
[2026-01-28 15:50:29] [DEBUG]    ­Ъћё [21/23] | [20/6935] - п«пи 110/689
[2026-01-28 15:50:30] [DEBUG]    ­Ъћё [21/23] | [20/6935] - п«пи 120/689
[2026-01-28 15:50:30] [DEBUG]    ­Ъћё [21/23] | [20/6935] - п«пи 130/689
[2026-01-28 15:50:30] [DEBUG]    ­Ъћё [21/23] | [20/6935] - п«пи 140/689
[2026-01-28 15:50:30] [DEBUG]    ­Ъћё [21/23] | [20/6935] - п«пи 150/689
[2026-01-28 15:50:43] [DEBUG]    ­Ъћё [21/23] | [20/6935] - п«пи 160/689
[2026-01-28 15:51:32] [DEBUG]    ­Ъћё [21/23] | [20/6935] - п«пи 170/689
[2026-01-28 15:51:32] [DEBUG]    ­Ъћё [21/23] | [20/6935] - п«пи 180/689
[2026-01-28 15:51:32] [DEBUG]    ­Ъћё [21/23] | [20/6935] - п«пи 190/689
[2026-01-28 15:51:33] [DEBUG]    ­Ъћё [21/23] | [20/6935] - п«пи 200/689
[2026-01-28 15:51:33] [DEBUG]    ­Ъћё [21/23] | [20/6935] - п«пи 210/689
[2026-01-28 15:51:33] [DEBUG]    ­Ъћё [21/23] | [20/6935] - п«пи 220/689
[2026-01-28 15:52:35] [DEBUG]    ­Ъћё [21/23] | [20/6935] - п«пи 230/689
[2026-01-28 15:52:35] [DEBUG]    ­Ъћё [21/23] | [20/6935] - п«пи 240/689
[2026-01-28 15:52:35] [DEBUG]    ­Ъћё [21/23] | [20/6935] - п«пи 250/689
[2026-01-28 15:52:35] [DEBUG]    ­Ъћё [21/23] | [20/6935] - п«пи 260/689
[2026-01-28 15:52:35] [DEBUG]    ­Ъћё [21/23] | [20/6935] - п«пи 270/689
[2026-01-28 15:52:36] [DEBUG]    ­Ъћё [21/23] | [20/6935] - п«пи 280/689
[2026-01-28 15:52:36] [DEBUG]    ­Ъћё [21/23] | [20/6935] - п«пи 290/689
[2026-01-28 15:53:13] [DEBUG]    ­Ъћё [21/23] | [20/6935] - п«пи 300/689
[2026-01-28 15:53:38] [DEBUG]    ­Ъћё [21/23] | [20/6935] - п«пи 310/689
[2026-01-28 15:53:38] [DEBUG]    ­Ъћё [21/23] | [20/6935] - п«пи 320/689
[2026-01-28 15:53:38] [DEBUG]    ­Ъћё [21/23] | [20/6935] - п«пи 330/689
[2026-01-28 15:53:39] [DEBUG]    ­Ъћё [21/23] | [20/6935] - п«пи 340/689
[2026-01-28 15:53:39] [DEBUG]    ­Ъћё [21/23] | [20/6935] - п«пи 350/689
[2026-01-28 15:53:39] [DEBUG]    ­Ъћё [21/23] | [20/6935] - п«пи 360/689
[2026-01-28 15:54:04] [DEBUG]    ­Ъћё [21/23] | [20/6935] - п«пи 370/689
[2026-01-28 15:54:40] [DEBUG]    ­Ъћё [21/23] | [20/6935] - п«пи 380/689
[2026-01-28 15:54:41] [DEBUG]    ­Ъћё [21/23] | [20/6935] - п«пи 390/689
[2026-01-28 15:54:41] [DEBUG]    ­Ъћё [21/23] | [20/6935] - п«пи 400/689
[2026-01-28 15:54:41] [DEBUG]    ­Ъћё [21/23] | [20/6935] - п«пи 410/689
[2026-01-28 15:54:41] [DEBUG]    ­Ъћё [21/23] | [20/6935] - п«пи 420/689
[2026-01-28 15:54:42] [DEBUG]    ­Ъћё [21/23] | [20/6935] - п«пи 430/689
[2026-01-28 15:55:07] [DEBUG]    ­Ъћё [21/23] | [20/6935] - п«пи 440/689
[2026-01-28 15:55:45] [DEBUG]    ­Ъћё [21/23] | [20/6935] - п«пи 450/689
[2026-01-28 15:55:45] [DEBUG]    ­Ъћё [21/23] | [20/6935] - п«пи 460/689
[2026-01-28 15:55:46] [DEBUG]    ­Ъћё [21/23] | [20/6935] - п«пи 470/689
[2026-01-28 15:55:46] [DEBUG]    ­Ъћё [21/23] | [20/6935] - п«пи 480/689
[2026-01-28 15:55:46] [DEBUG]    ­Ъћё [21/23] | [20/6935] - п«пи 490/689
[2026-01-28 15:56:37] [DEBUG]    ­Ъћё [21/23] | [20/6935] - п«пи 500/689
[2026-01-28 15:56:50] [DEBUG]    ­Ъћё [21/23] | [20/6935] - п«пи 510/689
[2026-01-28 15:56:50] [DEBUG]    ­Ъћё [21/23] | [20/6935] - п«пи 520/689
[2026-01-28 15:56:50] [DEBUG]    ­Ъћё [21/23] | [20/6935] - п«пи 530/689
[2026-01-28 15:56:51] [DEBUG]    ­Ъћё [21/23] | [20/6935] - п«пи 540/689
[2026-01-28 15:57:16] [DEBUG]    ­Ъћё [21/23] | [20/6935] - п«пи 550/689
[2026-01-28 15:57:54] [DEBUG]    ­Ъћё [21/23] | [20/6935] - п«пи 560/689
[2026-01-28 15:57:54] [DEBUG]    ­Ъћё [21/23] | [20/6935] - п«пи 570/689
[2026-01-28 15:57:55] [DEBUG]    ­Ъћё [21/23] | [21/6935] - п«пи 580/689
[2026-01-28 15:57:55] [DEBUG]    ­Ъћё [21/23] | [21/6935] - п«пи 590/689
[2026-01-28 15:57:55] [DEBUG]    ­Ъћё [21/23] | [21/6935] - п«пи 600/689
[2026-01-28 15:59:03] [DEBUG]    ­Ъћё [21/23] | [22/6935] - п«пи 610/689
[2026-01-28 15:59:08] [DEBUG]    ­Ъћё [21/23] | [23/6935] - п«пи 620/689
[2026-01-28 15:59:09] [DEBUG]    ­Ъћё [21/23] | [23/6935] - п«пи 630/689
[2026-01-28 15:59:09] [DEBUG]    ­Ъћё [21/23] | [23/6935] - п«пи 640/689
[2026-01-28 15:59:09] [DEBUG]    ­Ъћё [21/23] | [23/6935] - п«пи 650/689
[2026-01-28 15:59:59] [DEBUG]    ­Ъћё [21/23] | [23/6935] - п«пи 660/689
[2026-01-28 16:00:12] [DEBUG]    ­Ъћё [21/23] | [23/6935] - п«пи 670/689
[2026-01-28 16:00:18] [DEBUG]    ­Ъћё [21/23] | [24/6935] - п«пи 680/689
[2026-01-28 16:00:18] [INFO] [21/23] РюЁ emergency-http: 5 ┘Йп▒┘ѕ┌Еп│█ї пД█їп▒пД┘є█ї
[2026-01-28 16:00:18] [DEBUG]    ­ЪЊі ┘ѕпХп╣█їпф ┘є┘ЄпД█ї█ї: [24/6935] | ┘єпД┘Ёп╣пфпеп▒: 0 | п║█їп▒пД█їп▒пД┘є█ї: 684
[2026-01-28 16:00:19] [INFO] [22/23] ­ЪћЇ п»п▒█їпД┘Ђпф пДп▓ emergency-socks5
[2026-01-28 16:00:19] [DEBUG]    ­ЪЊі ┘ѕпХп╣█їпф ┘Ђп╣┘ё█ї: [24/6935]
[2026-01-28 16:00:22] [DEBUG]    ­ЪЊё 1 п«пи п»п▒█їпД┘Ђпф п┤п»
[2026-01-28 16:00:22] [INFO] [22/23] РюЁ emergency-socks5: 0 ┘Йп▒┘ѕ┌Еп│█ї пД█їп▒пД┘є█ї
[2026-01-28 16:00:22] [DEBUG]    ­ЪЊі ┘ѕпХп╣█їпф ┘є┘ЄпД█ї█ї: [24/6936] | ┘єпД┘Ёп╣пфпеп▒: 0 | п║█їп▒пД█їп▒пД┘є█ї: 0
[2026-01-28 16:00:23] [INFO] [23/23] ­ЪћЇ п»п▒█їпД┘Ђпф пДп▓ emergency-vmess
[2026-01-28 16:00:23] [DEBUG]    ­ЪЊі ┘ѕпХп╣█їпф ┘Ђп╣┘ё█ї: [24/6936]
[2026-01-28 16:00:25] [DEBUG]    ­ЪЊё 1 п«пи п»п▒█їпД┘Ђпф п┤п»
[2026-01-28 16:00:25] [INFO] [23/23] РюЁ emergency-vmess: 0 ┘Йп▒┘ѕ┌Еп│█ї пД█їп▒пД┘є█ї
[2026-01-28 16:00:25] [DEBUG]    ­ЪЊі ┘ѕпХп╣█їпф ┘є┘ЄпД█ї█ї: [24/6937] | ┘єпД┘Ёп╣пфпеп▒: 0 | п║█їп▒пД█їп▒пД┘є█ї: 0
[2026-01-28 16:00:25] [INFO] ======================================================================
[2026-01-28 16:00:25] [INFO] ­ЪЊі ┘Ёпг┘Ё┘ѕп╣ 19 ┘Йп▒┘ѕ┌Еп│█ї пД█їп▒пД┘є█ї пДп▓ 23 ┘Ё┘єпеп╣ п»п▒█їпД┘Ђпф п┤п»
[2026-01-28 16:00:25] [INFO] 
­ЪЊЦ 19 ┘Йп▒┘ѕ┌Еп│█ї пД█їп▒пД┘є█ї п»п▒█їпД┘Ђпф п┤п»
[2026-01-28 16:00:25] [INFO] 
РъЋ пДпХпД┘Ђ┘Є ┌Еп▒п»┘є ┘Йп▒┘ѕ┌Еп│█їРђї┘ЄпД█ї пгп»█їп»:
[2026-01-28 16:00:25] [INFO]    РюЁ 19 ┘Йп▒┘ѕ┌Еп│█ї пД█їп▒пД┘є█ї пгп»█їп» пДпХпД┘Ђ┘Є п┤п»
[2026-01-28 16:00:25] [INFO] 
­ЪЌЉ№ИЈ пеп▒п▒п│█ї п┤п▒пД█їпи пГп░┘Ђ ┘Йп▒┘ѕ┌Еп│█їРђї┘ЄпД█ї ┘ѓп»█ї┘Ё█ї:
[2026-01-28 16:00:25] [INFO]    пфп╣п»пДп» ┘Йп▒┘ѕ┌Еп│█їРђї┘ЄпД пеп╣п» пДп▓ пДпХпД┘Ђ┘Є ┌Еп▒п»┘є: 19
[2026-01-28 16:00:25] [INFO]    РЈИ№ИЈ п┤п▒пД█їпи пГп░┘Ђ пеп▒┘ѓп▒пДп▒ ┘є█їп│пф:
[2026-01-28 16:00:25] [INFO]      РюЌ пфп╣п»пДп» ┌Е┘ё (19) РЅц █х█░
[2026-01-28 16:00:25] [INFO]      РюЌ ┘Йп▒┘ѕ┌Еп│█ї ┘ѓп»█ї┘Ё█їРђїпфп▒ пДп▓ █│ п▒┘ѕп▓ ┘ѕпг┘ѕп» ┘єп»пДп▒п»
[2026-01-28 16:00:25] [INFO] 
­ЪЊі пеп▒п▒п│█ї пГп»пД┘ѓ┘ё пфп╣п»пДп» ┘Йп▒┘ѕ┌Еп│█ї...
[2026-01-28 16:00:25] [INFO] Рџа№ИЈ ┘Ђ┘ѓпи 3 ┘Йп▒┘ѕ┌Еп│█ї ┘Ђп╣пД┘ё п»пДп▒█ї┘Ё. ┘є█їпДп▓ пе┘Є 47 ┘Йп▒┘ѕ┌Еп│█ї пе█їп┤пфп▒
[2026-01-28 16:00:25] [INFO] ­ЪћЇ пф┘ёпДп┤ пеп▒пД█ї п»п▒█їпД┘Ђпф ┘Йп▒┘ѕ┌Еп│█їРђї┘ЄпД█ї пе█їп┤пфп▒ пДп▓ ┘Ё┘єпДпеп╣ пДпХпип▒пДп▒█ї...
[2026-01-28 16:00:25] [INFO] 
­ЪЊЦ п┤п▒┘ѕп╣ п»п▒█їпД┘Ђпф ┘Йп▒┘ѕ┌Еп│█їРђї┘ЄпД пДп▓ 3 ┘Ё┘єпеп╣:
[2026-01-28 16:00:25] [INFO] ======================================================================
[2026-01-28 16:00:25] [INFO] [1/3] ­ЪћЇ п»п▒█їпД┘Ђпф пДп▓ emergency-http
[2026-01-28 16:00:25] [DEBUG]    ­ЪЊі ┘ѕпХп╣█їпф ┘Ђп╣┘ё█ї: [24/6937]
[2026-01-28 16:00:27] [DEBUG]    ­ЪЊё 689 п«пи п»п▒█їпД┘Ђпф п┤п»
[2026-01-28 16:00:27] [DEBUG]    ­Ъћё [1/3] | [25/7626] - п«пи 10/689
[2026-01-28 16:00:27] [DEBUG]    ­Ъћё [1/3] | [25/7626] - п«пи 20/689
[2026-01-28 16:00:27] [DEBUG]    ­Ъћё [1/3] | [25/7626] - п«пи 30/689
[2026-01-28 16:00:27] [DEBUG]    ­Ъћё [1/3] | [25/7626] - п«пи 40/689
[2026-01-28 16:00:27] [DEBUG]    ­Ъћё [1/3] | [25/7626] - п«пи 50/689
[2026-01-28 16:00:28] [DEBUG]    ­Ъћё [1/3] | [25/7626] - п«пи 60/689
[2026-01-28 16:00:28] [DEBUG]    ­Ъћё [1/3] | [25/7626] - п«пи 70/689
[2026-01-28 16:01:18] [DEBUG]    ­Ъћё [1/3] | [25/7626] - п«пи 80/689
[2026-01-28 16:01:18] [DEBUG]    ­Ъћё [1/3] | [25/7626] - п«пи 90/689
[2026-01-28 16:01:18] [DEBUG]    ­Ъћё [1/3] | [25/7626] - п«пи 100/689
[2026-01-28 16:01:19] [DEBUG]    ­Ъћё [1/3] | [25/7626] - п«пи 110/689
[2026-01-28 16:01:19] [DEBUG]    ­Ъћё [1/3] | [25/7626] - п«пи 120/689
[2026-01-28 16:01:19] [DEBUG]    ­Ъћё [1/3] | [25/7626] - п«пи 130/689
[2026-01-28 16:01:19] [DEBUG]    ­Ъћё [1/3] | [25/7626] - п«пи 140/689
[2026-01-28 16:01:19] [DEBUG]    ­Ъћё [1/3] | [25/7626] - п«пи 150/689
[2026-01-28 16:01:20] [DEBUG]    ­Ъћё [1/3] | [25/7626] - п«пи 160/689
[2026-01-28 16:02:22] [DEBUG]    ­Ъћё [1/3] | [25/7626] - п«пи 170/689
[2026-01-28 16:02:22] [DEBUG]    ­Ъћё [1/3] | [25/7626] - п«пи 180/689
[2026-01-28 16:02:22] [DEBUG]    ­Ъћё [1/3] | [25/7626] - п«пи 190/689
[2026-01-28 16:02:23] [DEBUG]    ­Ъћё [1/3] | [25/7626] - п«пи 200/689
[2026-01-28 16:02:23] [DEBUG]    ­Ъћё [1/3] | [25/7626] - п«пи 210/689
[2026-01-28 16:02:23] [DEBUG]    ­Ъћё [1/3] | [25/7626] - п«пи 220/689
[2026-01-28 16:02:23] [DEBUG]    ­Ъћё [1/3] | [25/7626] - п«пи 230/689
[2026-01-28 16:02:23] [DEBUG]    ­Ъћё [1/3] | [25/7626] - п«пи 240/689
[2026-01-28 16:02:36] [DEBUG]    ­Ъћё [1/3] | [25/7626] - п«пи 250/689
[2026-01-28 16:03:01] [DEBUG]    ­Ъћё [1/3] | [25/7626] - п«пи 260/689
[2026-01-28 16:03:26] [DEBUG]    ­Ъћё [1/3] | [25/7626] - п«пи 270/689
[2026-01-28 16:03:27] [DEBUG]    ­Ъћё [1/3] | [25/7626] - п«пи 280/689
[2026-01-28 16:03:27] [DEBUG]    ­Ъћё [1/3] | [25/7626] - п«пи 290/689
[2026-01-28 16:03:27] [DEBUG]    ­Ъћё [1/3] | [25/7626] - п«пи 300/689
[2026-01-28 16:03:27] [DEBUG]    ­Ъћё [1/3] | [25/7626] - п«пи 310/689
[2026-01-28 16:03:27] [DEBUG]    ­Ъћё [1/3] | [25/7626] - п«пи 320/689
[2026-01-28 16:03:27] [DEBUG]    ­Ъћё [1/3] | [25/7626] - п«пи 330/689
[2026-01-28 16:03:28] [DEBUG]    ­Ъћё [1/3] | [25/7626] - п«пи 340/689
[2026-01-28 16:03:28] [DEBUG]    ­Ъћё [1/3] | [25/7626] - п«пи 350/689
[2026-01-28 16:04:18] [DEBUG]    ­Ъћё [1/3] | [25/7626] - п«пи 360/689
[2026-01-28 16:04:30] [DEBUG]    ­Ъћё [1/3] | [25/7626] - п«пи 370/689
[2026-01-28 16:04:31] [DEBUG]    ­Ъћё [1/3] | [25/7626] - п«пи 380/689
[2026-01-28 16:04:31] [DEBUG]    ­Ъћё [1/3] | [25/7626] - п«пи 390/689
[2026-01-28 16:04:31] [DEBUG]    ­Ъћё [1/3] | [25/7626] - п«пи 400/689
[2026-01-28 16:04:31] [DEBUG]    ­Ъћё [1/3] | [25/7626] - п«пи 410/689
[2026-01-28 16:04:32] [DEBUG]    ­Ъћё [1/3] | [25/7626] - п«пи 420/689
[2026-01-28 16:04:32] [DEBUG]    ­Ъћё [1/3] | [25/7626] - п«пи 430/689
[2026-01-28 16:04:32] [DEBUG]    ­Ъћё [1/3] | [25/7626] - п«пи 440/689
[2026-01-28 16:04:32] [DEBUG]    ­Ъћё [1/3] | [25/7626] - п«пи 450/689
[2026-01-28 16:04:32] [DEBUG]    ­Ъћё [1/3] | [25/7626] - п«пи 460/689
[2026-01-28 16:04:32] [DEBUG]    ­Ъћё [1/3] | [25/7626] - п«пи 470/689
[2026-01-28 16:04:32] [DEBUG]    ­Ъћё [1/3] | [25/7626] - п«пи 480/689
[2026-01-28 16:04:32] [DEBUG]    ­Ъћё [1/3] | [25/7626] - п«пи 490/689
[2026-01-28 16:04:32] [DEBUG]    ­Ъћё [1/3] | [25/7626] - п«пи 500/689
[2026-01-28 16:04:32] [DEBUG]    ­Ъћё [1/3] | [25/7626] - п«пи 510/689
[2026-01-28 16:04:32] [DEBUG]    ­Ъћё [1/3] | [25/7626] - п«пи 520/689
[2026-01-28 16:04:32] [DEBUG]    ­Ъћё [1/3] | [25/7626] - п«пи 530/689
[2026-01-28 16:04:32] [DEBUG]    ­Ъћё [1/3] | [25/7626] - п«пи 540/689
[2026-01-28 16:04:32] [DEBUG]    ­Ъћё [1/3] | [25/7626] - п«пи 550/689
[2026-01-28 16:04:32] [DEBUG]    ­Ъћё [1/3] | [25/7626] - п«пи 560/689
[2026-01-28 16:04:32] [DEBUG]    ­Ъћё [1/3] | [25/7626] - п«пи 570/689
[2026-01-28 16:04:32] [DEBUG]    ­Ъћё [1/3] | [26/7626] - п«пи 580/689
[2026-01-28 16:04:32] [DEBUG]    ­Ъћё [1/3] | [26/7626] - п«пи 590/689
[2026-01-28 16:04:32] [DEBUG]    ­Ъћё [1/3] | [26/7626] - п«пи 600/689
[2026-01-28 16:04:37] [DEBUG]    ­Ъћё [1/3] | [27/7626] - п«пи 610/689
[2026-01-28 16:04:42] [DEBUG]    ­Ъћё [1/3] | [28/7626] - п«пи 620/689
[2026-01-28 16:04:42] [DEBUG]    ­Ъћё [1/3] | [28/7626] - п«пи 630/689
[2026-01-28 16:04:42] [DEBUG]    ­Ъћё [1/3] | [28/7626] - п«пи 640/689
[2026-01-28 16:04:42] [DEBUG]    ­Ъћё [1/3] | [28/7626] - п«пи 650/689
[2026-01-28 16:04:42] [DEBUG]    ­Ъћё [1/3] | [28/7626] - п«пи 660/689
[2026-01-28 16:04:42] [DEBUG]    ­Ъћё [1/3] | [28/7626] - п«пи 670/689
[2026-01-28 16:04:47] [DEBUG]    ­Ъћё [1/3] | [29/7626] - п«пи 680/689
[2026-01-28 16:04:47] [INFO] [1/3] РюЁ emergency-http: 5 ┘Йп▒┘ѕ┌Еп│█ї пД█їп▒пД┘є█ї
[2026-01-28 16:04:47] [DEBUG]    ­ЪЊі ┘ѕпХп╣█їпф ┘є┘ЄпД█ї█ї: [29/7626] | ┘єпД┘Ёп╣пфпеп▒: 0 | п║█їп▒пД█їп▒пД┘є█ї: 684
[2026-01-28 16:04:48] [INFO] [2/3] ­ЪћЇ п»п▒█їпД┘Ђпф пДп▓ emergency-socks5
[2026-01-28 16:04:48] [DEBUG]    ­ЪЊі ┘ѕпХп╣█їпф ┘Ђп╣┘ё█ї: [29/7626]
[2026-01-28 16:04:50] [DEBUG]    ­ЪЊё 1 п«пи п»п▒█їпД┘Ђпф п┤п»
[2026-01-28 16:04:50] [INFO] [2/3] РюЁ emergency-socks5: 0 ┘Йп▒┘ѕ┌Еп│█ї пД█їп▒пД┘є█ї
[2026-01-28 16:04:50] [DEBUG]    ­ЪЊі ┘ѕпХп╣█їпф ┘є┘ЄпД█ї█ї: [29/7627] | ┘єпД┘Ёп╣пфпеп▒: 0 | п║█їп▒пД█їп▒пД┘є█ї: 0
[2026-01-28 16:04:51] [INFO] [3/3] ­ЪћЇ п»п▒█їпД┘Ђпф пДп▓ emergency-vmess
[2026-01-28 16:04:51] [DEBUG]    ­ЪЊі ┘ѕпХп╣█їпф ┘Ђп╣┘ё█ї: [29/7627]
[2026-01-28 16:04:52] [DEBUG]    ­ЪЊё 1 п«пи п»п▒█їпД┘Ђпф п┤п»
[2026-01-28 16:04:52] [INFO] [3/3] РюЁ emergency-vmess: 0 ┘Йп▒┘ѕ┌Еп│█ї пД█їп▒пД┘є█ї
[2026-01-28 16:04:52] [DEBUG]    ­ЪЊі ┘ѕпХп╣█їпф ┘є┘ЄпД█ї█ї: [29/7628] | ┘єпД┘Ёп╣пфпеп▒: 0 | п║█їп▒пД█їп▒пД┘є█ї: 0
[2026-01-28 16:04:52] [INFO] ======================================================================
[2026-01-28 16:04:52] [INFO] ­ЪЊі ┘Ёпг┘Ё┘ѕп╣ 5 ┘Йп▒┘ѕ┌Еп│█ї пД█їп▒пД┘є█ї пДп▓ 3 ┘Ё┘єпеп╣ п»п▒█їпД┘Ђпф п┤п»
[2026-01-28 16:04:52] [INFO] РЮї ┘єпф┘ѕпД┘єп│пф█ї┘Ё ┘Йп▒┘ѕ┌Еп│█ї пДпХпД┘Ђ█ї ┘Й█їп»пД ┌Е┘є█ї┘Ё
[2026-01-28 16:04:52] [INFO] 
­ЪњЙ п░п«█їп▒┘Є пфп║█ї█їп▒пДпф...
[2026-01-28 16:04:52] [INFO] ┘ЂпД█ї┘ё ┌ЕпД┘є┘Ђ█ї┌» п░п«█їп▒┘Є п┤п» (19 ┘Йп▒┘ѕ┌Еп│█ї)
[2026-01-28 16:04:52] [STATS] 
================================================================================
[2026-01-28 16:04:52] [STATS] ­ЪЊі пб┘ЁпДп▒ ┌ЕпД┘Ё┘ё ┘Ђп▒пб█ї┘єп» пе┘ЄРђїп▒┘ѕп▓п▒п│пД┘є█ї ┘Йп▒┘ѕ┌Еп│█ї
[2026-01-28 16:04:52] [STATS] ================================================================================
[2026-01-28 16:04:52] [STATS] ­ЪЊЦ п»п▒█їпД┘Ђпф пДп▓ ┘Ё┘єпДпеп╣:
[2026-01-28 16:04:52] [STATS]    Рђб ┘Ё┘єпДпеп╣ пДп│пф┘ЂпДп»┘Є п┤п»┘Є: 41
[2026-01-28 16:04:52] [STATS]    Рђб ┘Ё┘єпДпеп╣ п┤┌Еп│пф п«┘ѕп▒п»┘Є: 7
[2026-01-28 16:04:52] [STATS]    Рђб ┌Е┘ё ┘Йп▒┘ѕ┌Еп│█їРђї┘ЄпД█ї п»п▒█їпД┘Ђпф█ї: 7,628
[2026-01-28 16:04:52] [STATS]    Рђб ┘Йп▒┘ѕ┌Еп│█їРђї┘ЄпД█ї пД█їп▒пД┘є█ї п┤┘єпДп│пД█ї█ї п┤п»┘Є: 29
[2026-01-28 16:04:52] [STATS]    Рђб ┘Йп▒┘ѕ┌Еп│█їРђї┘ЄпД█ї п║█їп▒пД█їп▒пД┘є█ї пГп░┘Ђ п┤п»┘Є: 7,294
[2026-01-28 16:04:52] [STATS] 
­ЪћЇ пеп▒п▒п│█ї п│┘ёпД┘Ёпф:
[2026-01-28 16:04:52] [STATS]    Рђб ┘Йп▒┘ѕ┌Еп│█їРђї┘ЄпД█ї ┘Ђп╣пД┘ё: 7
[2026-01-28 16:04:52] [STATS]    Рђб ┘Йп▒┘ѕ┌Еп│█їРђї┘ЄпД█ї п║█їп▒┘Ђп╣пД┘ё: 22
[2026-01-28 16:04:52] [STATS] 
­Ъћё ┘Йп▒п»пДп▓п┤:
[2026-01-28 16:04:52] [STATS]    Рђб ┘Йп▒┘ѕ┌Еп│█їРђї┘ЄпД█ї пДпХпД┘Ђ┘Є п┤п»┘Є: 19
[2026-01-28 16:04:52] [STATS]    Рђб ┘Йп▒┘ѕ┌Еп│█їРђї┘ЄпД█ї пГп░┘Ђ п┤п»┘Є (┘ѓп»█ї┘Ё█ї): 0
[2026-01-28 16:04:52] [STATS]    Рђб ┘Йп▒┘ѕ┌Еп│█їРђї┘ЄпД█ї пф┌Еп▒пДп▒█ї: 10
[2026-01-28 16:04:52] [STATS] 
­Ъїљ пеп▒п▒п│█ї IP:
[2026-01-28 16:04:52] [STATS]    Рђб пеп▒п▒п│█їРђї┘ЄпД█ї IP пД┘єпгпД┘Ё п┤п»┘Є: 5,143
[2026-01-28 16:04:52] [STATS]    Рђб пДп│пф┘ЂпДп»┘Є пДп▓ ┌Еп┤ IP: 2,478
[2026-01-28 16:04:52] [STATS]    Рђб п»п▒п«┘ѕпДп│пфРђї┘ЄпД█ї API: 5,800
[2026-01-28 16:04:52] [STATS]    Рђб п«пипД┘ЄпД█ї API: 955
[2026-01-28 16:04:52] [STATS] 
­ЪЌЉ№ИЈ  ┘Ёп»█їп▒█їпф ┘ЂпД█ї┘ёРђї┘ЄпД:
[2026-01-28 16:04:52] [STATS]    Рђб ┘ёпД┌»Рђї┘ЄпД█ї ┘ѓп»█ї┘Ё█ї пГп░┘Ђ п┤п»┘Є: 0
[2026-01-28 16:04:52] [STATS] ================================================================================
[2026-01-28 16:04:52] [INFO] 
================================================================================
[2026-01-28 16:04:52] [INFO] ­ЪЊѕ ┌»п▓пДп▒п┤ ┘є┘ЄпД█ї█ї
[2026-01-28 16:04:52] [INFO] ================================================================================
[2026-01-28 16:04:52] [INFO] ­ЪЊі пфп╣п»пДп» ┌Е┘ё ┘Йп▒┘ѕ┌Еп│█їРђї┘ЄпД: 19
[2026-01-28 16:04:52] [INFO] РюЁ ┘Йп▒┘ѕ┌Еп│█їРђї┘ЄпД█ї ┘Ђп╣пД┘ё: 3
[2026-01-28 16:04:52] [INFO] ­ЪЊѕ пфп║█ї█їп▒пДпф ┌Е┘ё: +19 ┘Йп▒┘ѕ┌Еп│█ї
[2026-01-28 16:04:52] [INFO] ­ЪЊѕ пфп║█ї█їп▒пДпф ┘Ђп╣пД┘ё: +3 ┘Йп▒┘ѕ┌Еп│█ї
[2026-01-28 16:04:52] [INFO] 
­Ъїљ ┌»п▓пДп▒п┤ ┘Ё┘єпДпеп╣:
[2026-01-28 16:04:52] [INFO]    Рђб ┘Ё┘єпДпеп╣ ┘Ё┘ѕ┘Ђ┘ѓ: 16/23
[2026-01-28 16:04:52] [INFO]    Рђб ┘Ё┘єпДпеп╣ п┤┌Еп│пф п«┘ѕп▒п»┘Є: 7
[2026-01-28 16:04:52] [INFO] 
Рџа№ИЈ ┘Єп┤п»пДп▒: ┘Ђ┘ѓпи 3 ┘Йп▒┘ѕ┌Еп│█ї пД█їп▒пД┘є█ї ┘Ђп╣пД┘ё ┘Ё┘ѕпг┘ѕп» пДп│пф
[2026-01-28 16:04:52] [INFO] 
­ЪЊЂ ┘ЂпД█ї┘ё ┘ёпД┌»: output/logs/proxy_update_20260128_141950.log
[2026-01-28 16:04:52] [INFO] ­ЪЊЂ ┘ЂпД█ї┘ё ┌ЕпД┘є┘Ђ█ї┌»: output/config.yaml
[2026-01-28 16:04:52] [INFO] ================================================================================
